============================================================================================== 
Warning! Mixing Conda and module environments may lead to corruption of the
user environment. 
We do not recommend users mixing those two environments unless absolutely
necessary. Note that 
SURF does not provide any support for Conda environment.
For more information, please refer to our software policy page:
https://servicedesk.surf.nl/wiki/display/WIKI/Software+policy+Snellius#SoftwarepolicySnellius-UseofAnacondaandMinicondaenvironmentsonSnellius 

Remember that many packages have already been installed on the system and can
be loaded using 
the 'module load <package__name>' command. If you are uncertain if a package is
already available 
on the system, please use 'module avail' or 'module spider' to search for it.
============================================================================================== 
ERROR (theano.sandbox.cuda): nvcc compiler not found on $PATH. Check your nvcc installation and try again.
/home/terhard/.conda/envs/py27/lib/python2.7/site-packages/theano/tensor/signal/downsample.py:6: UserWarning: downsample module has been moved to the theano.tensor.signal.pool module.
  "downsample module has been moved to the theano.tensor.signal.pool module.")
launching
initialize the environment...
('rand val', 0.2384460988728453)
('small job', 3)
('the random val for res', 0.32731285837473323)
('the resource vector req: ', array([ 1., 10.]))
('rand val', 0.7129396749434563)
('small job', 2)
('the random val for res', 0.9287371966973894)
('the resource vector req: ', array([10.,  2.]))
('rand val', 0.9406686778176713)
test2
('big job', 13)
('the random val for res', 0.6000987108374178)
('the resource vector req: ', array([2., 8.]))
('rand val', 0.6410608358696614)
('small job', 1)
('the random val for res', 0.06369160066785517)
('the resource vector req: ', array([1., 5.]))
('rand val', 0.6107630772649082)
('small job', 3)
('the random val for res', 0.9385139069526973)
('the resource vector req: ', array([8., 1.]))
('rand val', 0.05758499009884377)
('small job', 3)
('the random val for res', 0.6498981027201829)
('the resource vector req: ', array([10.,  2.]))
('rand val', 0.5577648760943111)
('small job', 2)
('the random val for res', 0.8658692883483883)
('the resource vector req: ', array([1., 9.]))
('rand val', 0.4616659206871453)
('small job', 1)
('the random val for res', 0.8019154820324793)
('the resource vector req: ', array([5., 2.]))
('rand val', 0.705021659330321)
('small job', 3)
('the random val for res', 0.7180341879486238)
('the resource vector req: ', array([5., 1.]))
('rand val', 0.9524881613900509)
test2
('big job', 17)
('the random val for res', 0.7003467445579096)
('the resource vector req: ', array([2., 6.]))
('rand val', 0.3511194866035804)
('small job', 2)
('the random val for res', 0.6222030677584274)
('the resource vector req: ', array([2., 8.]))
('rand val', 0.524998279334503)
('small job', 1)
('the random val for res', 0.7390493054466842)
('the resource vector req: ', array([7., 1.]))
('rand val', 0.46538512432248014)
('small job', 2)
('the random val for res', 0.7965736340971555)
('the resource vector req: ', array([1., 9.]))
('rand val', 0.39872439487409495)
('small job', 3)
('the random val for res', 0.5538668796649875)
('the resource vector req: ', array([6., 2.]))
('rand val', 0.7954224692409684)
test2
('big job', 13)
('the random val for res', 0.622332537726999)
('the resource vector req: ', array([1., 5.]))
('rand val', 0.3348544054336191)
('small job', 1)
('the random val for res', 0.34305688100059306)
('the resource vector req: ', array([1., 7.]))
('rand val', 0.19005023050420922)
('small job', 3)
('the random val for res', 0.6679935263455563)
('the resource vector req: ', array([10.,  2.]))
('rand val', 0.7052186661278368)
('small job', 1)
('the random val for res', 0.3627420520486354)
('the resource vector req: ', array([2., 5.]))
('rand val', 0.3570308418342515)
('small job', 2)
('the random val for res', 0.725745541274928)
('the resource vector req: ', array([7., 1.]))
('rand val', 0.19577891025055116)
('small job', 3)
('the random val for res', 0.33035862902724855)
('the resource vector req: ', array([1., 8.]))
('rand val', 0.39158078716217504)
('small job', 1)
('the random val for res', 0.23086676757048696)
('the resource vector req: ', array([ 2., 10.]))
('rand val', 0.3452586336279444)
('small job', 1)
('the random val for res', 0.6045434773319355)
('the resource vector req: ', array([1., 7.]))
('rand val', 0.34769269613827214)
('small job', 1)
('the random val for res', 0.4620674328310027)
('the resource vector req: ', array([8., 1.]))
('rand val', 0.2515781769685772)
('small job', 2)
('the random val for res', 0.312300230632807)
('the resource vector req: ', array([ 1., 10.]))
('rand val', 0.8170767522467247)
test2
('big job', 17)
('the random val for res', 0.9682744712851337)
('the resource vector req: ', array([1., 5.]))
('rand valx', 0.04861638114824707)
('anomalous job', 19)
('the random val for res', 0.5200831517986446)
('the resource vector req: ', array([ 2., 10.]))
('rand val', 0.31986921817268876)
('small job', 1)
('the random val for res', 0.8897289410700615)
('the resource vector req: ', array([1., 5.]))
('rand val', 0.2123101946217405)
('small job', 2)
('the random val for res', 0.14771285609702944)
('the resource vector req: ', array([2., 6.]))
('rand val', 0.3035185040626176)
('small job', 3)
('the random val for res', 0.1035297270412685)
('the resource vector req: ', array([9., 1.]))
('rand val', 0.23978952045693958)
('small job', 3)
('the random val for res', 0.5411009620270777)
('the resource vector req: ', array([2., 8.]))
('rand val', 0.3756738603104369)
('small job', 2)
('the random val for res', 0.7737122068309087)
('the resource vector req: ', array([1., 9.]))
('rand val', 0.983555977148514)
test2
('big job', 13)
('the random val for res', 0.13761774885801692)
('the resource vector req: ', array([1., 6.]))
('rand val', 0.45099324740348745)
('small job', 1)
('the random val for res', 0.7312811612563596)
('the resource vector req: ', array([5., 1.]))
('rand val', 0.5532092838038709)
('small job', 2)
('the random val for res', 0.5261392993278117)
('the resource vector req: ', array([2., 9.]))
('rand val', 0.6901449405630571)
('small job', 2)
('the random val for res', 0.8994341816218626)
('the resource vector req: ', array([9., 1.]))
('rand val', 0.2992449003648906)
('small job', 2)
('the random val for res', 0.8387516836423006)
('the resource vector req: ', array([5., 1.]))
('rand val', 0.37803535086887863)
('small job', 3)
('the random val for res', 0.3376217265317356)
('the resource vector req: ', array([9., 2.]))
('rand val', 0.4697071879977629)
('small job', 3)
('the random val for res', 0.9256964026842133)
('the resource vector req: ', array([8., 1.]))
('rand val', 0.4227735334166196)
('small job', 3)
('the random val for res', 0.7756299574667129)
('the resource vector req: ', array([2., 5.]))
('rand val', 0.4656662751304712)
('small job', 1)
('the random val for res', 0.540058378778636)
('the resource vector req: ', array([1., 7.]))
('rand val', 0.41029046714991246)
('small job', 2)
('the random val for res', 0.40542628570023986)
('the resource vector req: ', array([8., 2.]))
('rand val', 0.7568905729045308)
test2
('big job', 14)
('the random val for res', 0.13232286149204397)
('the resource vector req: ', array([2., 5.]))
('rand val', 0.2692205050215938)
('small job', 1)
('the random val for res', 0.8030861044357472)
('the resource vector req: ', array([8., 1.]))
('rand val', 0.17012866255904424)
('small job', 1)
('the random val for res', 0.278240510222198)
('the resource vector req: ', array([ 1., 10.]))
('rand val', 0.7231795852462789)
('small job', 3)
('the random val for res', 0.09568967184439581)
('the resource vector req: ', array([1., 6.]))
('rand val', 0.12444383067043119)
('small job', 2)
('the random val for res', 0.15178769806563996)
('the resource vector req: ', array([2., 8.]))
('rand val', 0.3407083797185878)
('small job', 1)
('the random val for res', 0.08543320076712713)
('the resource vector req: ', array([2., 9.]))
('rand val', 0.5499845027833463)
('small job', 2)
('the random val for res', 0.8984017250621078)
('the resource vector req: ', array([2., 5.]))
('rand val', 0.09562878877150638)
('small job', 1)
('the random val for res', 0.6959478483318688)
('the resource vector req: ', array([1., 7.]))
('rand val', 0.997138677012548)
test2
('big job', 14)
('the random val for res', 0.11393774593937922)
('the resource vector req: ', array([5., 1.]))
('rand val', 0.98831746537403)
test2
('big job', 15)
('the random val for res', 0.5185317839355822)
('the resource vector req: ', array([ 2., 10.]))
('rand val', 0.7188743120799428)
('small job', 1)
('the random val for res', 0.9629127538027488)
('the resource vector req: ', array([6., 1.]))
('rand val', 0.5579921544345339)
('small job', 2)
('the random val for res', 0.23324833027564063)
('the resource vector req: ', array([ 2., 10.]))
('rand val', 0.9146681112132187)
test2
('big job', 15)
('the random val for res', 0.009879684175340353)
('the resource vector req: ', array([ 2., 11.]))
('rand val', 0.16570575337780358)
('small job', 1)
('the random val for res', 0.5055179085463933)
('the resource vector req: ', array([ 1., 10.]))
('rand val', 0.8415259429858469)
test2
('big job', 16)
('the random val for res', 0.4812599379641459)
('the resource vector req: ', array([8., 1.]))
('rand val', 0.4676261011705086)
('small job', 1)
('the random val for res', 0.701808443407969)
('the resource vector req: ', array([1., 8.]))
('rand val', 0.41526044055053124)
('small job', 2)
('the random val for res', 0.6931488190268185)
('the resource vector req: ', array([1., 6.]))
('rand val', 0.7582136277378417)
test2
('big job', 12)
('the random val for res', 0.9483850310613239)
('the resource vector req: ', array([10.,  2.]))
('rand val', 0.5774191401625013)
('small job', 3)
('the random val for res', 0.6048918055546406)
('the resource vector req: ', array([ 1., 10.]))
('rand val', 0.808484976516693)
test2
('big job', 18)
('the random val for res', 0.6804165640507274)
('the resource vector req: ', array([1., 7.]))
('rand val', 0.7005949540953351)
('small job', 3)
('the random val for res', 0.26758569579234404)
('the resource vector req: ', array([1., 9.]))
('rand val', 0.8695775058341382)
test2
('big job', 17)
('the random val for res', 0.7045842777309906)
('the resource vector req: ', array([1., 7.]))
('rand val', 0.9278136234569766)
test2
('big job', 13)
('the random val for res', 0.010092058204745458)
('the resource vector req: ', array([12.,  2.]))
('rand valx', 0.041502754322191415)
('anomalous job', 24)
('the random val for res', 0.6070098106336609)
('the resource vector req: ', array([2., 7.]))
('rand val', 0.6287899351414691)
('small job', 1)
('the random val for res', 0.12257194287460671)
('the resource vector req: ', array([1., 9.]))
('rand val', 0.5809223062009485)
('small job', 1)
('the random val for res', 0.863479155477881)
('the resource vector req: ', array([1., 9.]))
('rand val', 0.7919437800949866)
test2
('big job', 13)
('the random val for res', 0.4596280396438973)
('the resource vector req: ', array([1., 5.]))
('rand val', 0.1910408330751734)
('small job', 2)
('the random val for res', 0.4108114515042419)
('the resource vector req: ', array([7., 2.]))
('rand val', 0.8635667459258064)
test2
('big job', 18)
('the random val for res', 0.5395888371755819)
('the resource vector req: ', array([1., 7.]))
('rand val', 0.36141743719271213)
('small job', 2)
('the random val for res', 0.4738696835473365)
('the resource vector req: ', array([8., 2.]))
('rand val', 0.8901758717157424)
test2
('big job', 15)
('the random val for res', 0.17935603778078646)
('the resource vector req: ', array([1., 5.]))
('rand val', 0.32117114990683315)
('small job', 1)
('the random val for res', 0.21627625683894636)
('the resource vector req: ', array([2., 9.]))
('rand val', 0.37712299634595736)
('small job', 2)
('the random val for res', 0.2811060893279722)
('the resource vector req: ', array([1., 7.]))
('rand val', 0.5658269869381327)
('small job', 1)
('the random val for res', 0.5148296995720248)
('the resource vector req: ', array([9., 1.]))
('rand val', 0.11155536354176543)
('small job', 1)
('the random val for res', 0.8609931804200183)
('the resource vector req: ', array([8., 2.]))
('rand val', 0.7979580244300698)
test2
('big job', 15)
('the random val for res', 0.8481492650191186)
('the resource vector req: ', array([7., 1.]))
('rand val', 0.5420985171299906)
('small job', 1)
('the random val for res', 0.1707868882406972)
('the resource vector req: ', array([10.,  1.]))
('rand val', 0.6308096708698904)
('small job', 3)
('the random val for res', 0.11413518883966078)
('the resource vector req: ', array([1., 6.]))
('rand val', 0.4040957942716952)
('small job', 2)
('the random val for res', 0.10630441774655008)
('the resource vector req: ', array([1., 5.]))
('rand valx', 0.0405658788025548)
('anomalous job', 27)
('the random val for res', 0.6721624251655985)
('the resource vector req: ', array([2., 6.]))
('rand val', 0.3993150742585475)
('small job', 1)
('the random val for res', 0.7887567928064533)
('the resource vector req: ', array([9., 2.]))
('rand val', 0.36164214972371156)
('small job', 3)
('the random val for res', 0.9321103320760393)
('the resource vector req: ', array([5., 1.]))
('rand val', 0.7693644051130204)
test2
('big job', 15)
('the random val for res', 0.8050879501688633)
('the resource vector req: ', array([2., 8.]))
('rand val', 0.5643445856301584)
('small job', 3)
('the random val for res', 0.11668533233292411)
('the resource vector req: ', array([10.,  2.]))
('rand val', 0.7242001433056104)
('small job', 2)
('the random val for res', 0.9331356410737067)
('the resource vector req: ', array([5., 2.]))
('rand val', 0.5324116774468642)
('small job', 1)
('the random val for res', 0.2510848962418857)
('the resource vector req: ', array([7., 2.]))
('rand val', 0.9316713396735734)
test2
('big job', 14)
('the random val for res', 0.9911208822638125)
('the resource vector req: ', array([5., 2.]))
('rand val', 0.10054461614228505)
('small job', 3)
('the random val for res', 0.5827698651925945)
('the resource vector req: ', array([10.,  2.]))
('rand val', 0.5517214318198418)
('small job', 1)
('the random val for res', 0.8662378795298552)
('the resource vector req: ', array([10.,  1.]))
('rand val', 0.06462591934694784)
('small job', 1)
('the random val for res', 0.36922859195355273)
('the resource vector req: ', array([2., 9.]))
('rand val', 0.29778914106976107)
('small job', 3)
('the random val for res', 0.33079093870137766)
('the resource vector req: ', array([8., 2.]))
('rand val', 0.3640968831424449)
('small job', 2)
('the random val for res', 0.9033480136437599)
('the resource vector req: ', array([1., 5.]))
('rand val', 0.6125707250029037)
('small job', 3)
('the random val for res', 0.005769387480017096)
('the resource vector req: ', array([12.,  1.]))
('rand val', 0.576564299830242)
('small job', 3)
('the random val for res', 0.5232055659605771)
('the resource vector req: ', array([6., 2.]))
('rand val', 0.40975692128212304)
('small job', 3)
('the random val for res', 0.5765132687389295)
('the resource vector req: ', array([7., 2.]))
('rand val', 0.8421935306705669)
test2
('big job', 16)
('the random val for res', 0.11214220182410994)
('the resource vector req: ', array([2., 9.]))
('rand val', 0.5535078357056243)
('small job', 2)
('the random val for res', 0.24671198025551422)
('the resource vector req: ', array([1., 6.]))
('rand val', 0.22076777272409387)
('small job', 3)
('the random val for res', 0.4381264009659934)
('the resource vector req: ', array([7., 2.]))
('rand val', 0.22223062398413695)
('small job', 1)
('the random val for res', 0.7415503039314981)
('the resource vector req: ', array([1., 8.]))
('rand val', 0.3715642020592297)
('small job', 2)
('the random val for res', 0.5094670101201857)
('the resource vector req: ', array([10.,  2.]))
('rand val', 0.8577931212768027)
test2
('big job', 14)
('the random val for res', 0.8259351213432301)
('the resource vector req: ', array([6., 1.]))
('rand val', 0.2620036952357223)
('small job', 2)
('the random val for res', 0.10374755354673126)
('the resource vector req: ', array([1., 8.]))
('rand val', 0.5992463089173772)
('small job', 3)
('the random val for res', 0.09372985013672164)
('the resource vector req: ', array([6., 1.]))
('rand val', 0.7000000912235407)
('small job', 2)
('the random val for res', 0.08330482177550003)
('the resource vector req: ', array([1., 6.]))
('rand val', 0.9488476741537105)
test2
('big job', 17)
('the random val for res', 0.3063115521967492)
('the resource vector req: ', array([ 2., 10.]))
('rand val', 0.5285728167593846)
('small job', 3)
('the random val for res', 0.5546704941389289)
('the resource vector req: ', array([6., 1.]))
('rand val', 0.524951245077599)
('small job', 3)
('the random val for res', 0.5967160072646958)
('the resource vector req: ', array([5., 1.]))
('rand val', 0.3064982582546053)
('small job', 2)
('the random val for res', 0.8396299433731634)
('the resource vector req: ', array([7., 1.]))
('rand val', 0.5467212930281521)
('small job', 2)
('the random val for res', 0.9630989338125688)
('the resource vector req: ', array([1., 6.]))
('rand val', 0.574963849425338)
('small job', 2)
('the random val for res', 0.1611717621648746)
('the resource vector req: ', array([5., 2.]))
('rand val', 0.12410677574816886)
('small job', 1)
('the random val for res', 0.7294223949996079)
('the resource vector req: ', array([1., 6.]))
('rand val', 0.8169793419436416)
test2
('big job', 12)
('the random val for res', 0.19809194121741325)
('the resource vector req: ', array([2., 6.]))
('rand val', 0.3109017447391922)
('small job', 3)
('the random val for res', 0.5797913903192632)
('the resource vector req: ', array([7., 2.]))
('rand valx', 0.04185962572470048)
('anomalous job', 20)
('the random val for res', 0.11976205423445097)
('the resource vector req: ', array([ 1., 10.]))
('rand val', 0.3362493659400667)
('small job', 1)
('the random val for res', 0.5658581620935359)
('the resource vector req: ', array([1., 7.]))
('rand val', 0.8679298855755296)
test2
('big job', 12)
('the random val for res', 0.6124760910063709)
('the resource vector req: ', array([6., 2.]))
('rand val', 0.769973928995044)
test2
('big job', 14)
('the random val for res', 0.30729144757866245)
('the resource vector req: ', array([2., 6.]))
('rand val', 0.45937037092036237)
('small job', 3)
('the random val for res', 0.9399191020721969)
('the resource vector req: ', array([2., 5.]))
('rand val', 0.8161871668866563)
test2
('big job', 12)
('the random val for res', 0.6859823183886948)
('the resource vector req: ', array([6., 1.]))
('rand val', 0.14905477958246538)
('small job', 2)
('the random val for res', 0.4189139449143475)
('the resource vector req: ', array([5., 1.]))
('rand val', 0.8404864246251129)
test2
('big job', 12)
('the random val for res', 0.2423547059070188)
('the resource vector req: ', array([8., 1.]))
('rand valx', 0.016413598054763057)
('anomalous job', 27)
('the random val for res', 0.46553851304878946)
('the resource vector req: ', array([9., 2.]))
('rand val', 0.9567108193082091)
test2
('big job', 13)
('the random val for res', 0.8045687816517844)
('the resource vector req: ', array([10.,  2.]))
('rand val', 0.8662889225821371)
test2
('big job', 17)
('the random val for res', 0.9495568370458923)
('the resource vector req: ', array([5., 1.]))
('rand val', 0.8662059226460582)
test2
('big job', 13)
('the random val for res', 0.6093257656741907)
('the resource vector req: ', array([9., 1.]))
('rand val', 0.9546017171651378)
test2
('big job', 12)
('the random val for res', 0.4237747697647477)
('the resource vector req: ', array([1., 8.]))
('rand val', 0.9788600340269867)
test2
('big job', 18)
('the random val for res', 0.6808238682128445)
('the resource vector req: ', array([2., 9.]))
('rand val', 0.8506491686544414)
test2
('big job', 13)
('the random val for res', 0.7413346093363319)
('the resource vector req: ', array([10.,  1.]))
('rand val', 0.5936088365479713)
('small job', 3)
('the random val for res', 0.07206569451212141)
('the resource vector req: ', array([8., 2.]))
('rand val', 0.1623743639650872)
('small job', 2)
('the random val for res', 0.3664779245969576)
('the resource vector req: ', array([ 1., 10.]))
('rand val', 0.6983919484251969)
('small job', 1)
('the random val for res', 0.6221489152235464)
('the resource vector req: ', array([8., 1.]))
('rand val', 0.5378368947758646)
('small job', 2)
('the random val for res', 0.9181697450667866)
('the resource vector req: ', array([1., 8.]))
('rand valx', 0.026270682706478365)
('anomalous job', 24)
('the random val for res', 0.16336926275121288)
('the resource vector req: ', array([10.,  2.]))
('rand val', 0.6588997940584602)
('small job', 1)
('the random val for res', 0.42295933155424126)
('the resource vector req: ', array([9., 2.]))
('rand val', 0.8195353763689317)
test2
('big job', 15)
('the random val for res', 0.3455839500577885)
('the resource vector req: ', array([8., 1.]))
('rand val', 0.1873849674074266)
('small job', 1)
('the random val for res', 0.24685541941554245)
('the resource vector req: ', array([1., 8.]))
('rand val', 0.4950277671834452)
('small job', 3)
('the random val for res', 0.7814138808325511)
('the resource vector req: ', array([2., 5.]))
('rand val', 0.6372649318261647)
('small job', 1)
('the random val for res', 0.8007526680958772)
('the resource vector req: ', array([9., 1.]))
('rand val', 0.22830631928447398)
('small job', 2)
('the random val for res', 0.19918355165908086)
('the resource vector req: ', array([9., 1.]))
('rand val', 0.3017318208456111)
('small job', 3)
('the random val for res', 0.3168641660697389)
('the resource vector req: ', array([8., 1.]))
('rand val', 0.4249350173023453)
('small job', 3)
('the random val for res', 0.3757460729646075)
('the resource vector req: ', array([ 1., 10.]))
('rand valx', 0.038329918286334586)
('anomalous job', 27)
('the random val for res', 0.3761078540197734)
('the resource vector req: ', array([5., 2.]))
('rand val', 0.5901631959108241)
('small job', 3)
('the random val for res', 0.4321794708749075)
('the resource vector req: ', array([1., 8.]))
('rand val', 0.32418156661793973)
('small job', 3)
('the random val for res', 0.06116191656121839)
('the resource vector req: ', array([1., 9.]))
('rand val', 0.2343636662880496)
('small job', 2)
('the random val for res', 0.9010933325355667)
('the resource vector req: ', array([6., 1.]))
('rand val', 0.513104799246319)
('small job', 3)
('the random val for res', 0.2832011644369322)
('the resource vector req: ', array([1., 6.]))
('rand val', 0.2824477328890497)
('small job', 3)
('the random val for res', 0.7236047337997834)
('the resource vector req: ', array([5., 2.]))
('rand val', 0.5736025077399268)
('small job', 3)
('the random val for res', 0.4779961039190985)
('the resource vector req: ', array([1., 7.]))
('rand val', 0.97027861562296)
test2
('big job', 17)
('the random val for res', 0.17949964763083182)
('the resource vector req: ', array([1., 8.]))
('rand val', 0.7887141295915862)
test2
('big job', 16)
('the random val for res', 0.2935666964486263)
('the resource vector req: ', array([5., 1.]))
('rand val', 0.11130518028965986)
('small job', 3)
('the random val for res', 0.7764588280328633)
('the resource vector req: ', array([5., 2.]))
('rand val', 0.3827233861456468)
('small job', 2)
('the random val for res', 0.3406800012689867)
('the resource vector req: ', array([2., 7.]))
('rand val', 0.9431065117172435)
test2
('big job', 18)
('the random val for res', 0.8345345550245082)
('the resource vector req: ', array([1., 7.]))
('rand val', 0.09441301758010479)
('small job', 2)
('the random val for res', 0.8385141034806597)
('the resource vector req: ', array([1., 6.]))
('rand val', 0.5310799909973178)
('small job', 3)
('the random val for res', 0.16459640598787884)
('the resource vector req: ', array([1., 6.]))
('rand val', 0.8204982960185244)
test2
('big job', 16)
('the random val for res', 0.6115080976339697)
('the resource vector req: ', array([6., 2.]))
('rand val', 0.481222104680353)
('small job', 1)
('the random val for res', 0.4442972350872971)
('the resource vector req: ', array([ 2., 10.]))
('rand val', 0.7464641765982395)
('small job', 1)
('the random val for res', 0.6079760738694724)
('the resource vector req: ', array([1., 5.]))
('rand val', 0.09429709483544901)
('small job', 2)
('the random val for res', 0.18657713641272622)
('the resource vector req: ', array([6., 1.]))
('rand val', 0.20112346344779086)
('small job', 1)
('the random val for res', 0.9185000113356351)
('the resource vector req: ', array([2., 9.]))
('rand val', 0.8103729037085813)
test2
('big job', 16)
('the random val for res', 0.3482475850593293)
('the resource vector req: ', array([1., 9.]))
('rand val', 0.05811327322460813)
('small job', 2)
('the random val for res', 0.3443499756012227)
('the resource vector req: ', array([2., 9.]))
('rand val', 0.757522358630804)
test2
('big job', 13)
('the random val for res', 0.4490860261501799)
('the resource vector req: ', array([10.,  1.]))
('rand val', 0.5447934791261995)
('small job', 1)
('the random val for res', 0.32763653909493873)
('the resource vector req: ', array([2., 7.]))
('rand val', 0.8285317777514177)
test2
('big job', 15)
('the random val for res', 0.6422898134334253)
('the resource vector req: ', array([7., 2.]))
('rand val', 0.29914867633741293)
('small job', 2)
('the random val for res', 0.6780853547355011)
('the resource vector req: ', array([ 2., 10.]))
('rand val', 0.07882594014847577)
('small job', 3)
('the random val for res', 0.02308918104061508)
('the resource vector req: ', array([12.,  1.]))
('rand val', 0.17796782179191784)
('small job', 2)
('the random val for res', 0.9450184038178941)
('the resource vector req: ', array([10.,  2.]))
('rand val', 0.28371541357832464)
('small job', 2)
('the random val for res', 0.9840137895125642)
('the resource vector req: ', array([2., 8.]))
('rand val', 0.3252301461195364)
('small job', 2)
('the random val for res', 0.8729548572180245)
('the resource vector req: ', array([10.,  1.]))
('rand val', 0.7182767975872113)
('small job', 2)
('the random val for res', 0.4316255550606318)
('the resource vector req: ', array([8., 2.]))
('rand val', 0.2490877031357438)
('small job', 1)
('the random val for res', 0.6083649699570665)
('the resource vector req: ', array([10.,  1.]))
('rand val', 0.7593003862082678)
test2
('big job', 15)
('the random val for res', 0.11229184295743144)
('the resource vector req: ', array([ 2., 10.]))
('rand val', 0.27633248768658214)
('small job', 1)
('the random val for res', 0.005208280103267682)
('the resource vector req: ', array([13.,  2.]))
('rand val', 0.5829336342144777)
('small job', 3)
('the random val for res', 0.2523345675637172)
('the resource vector req: ', array([6., 1.]))
('rand val', 0.10637709528149464)
('small job', 1)
('the random val for res', 0.133911937564275)
('the resource vector req: ', array([1., 5.]))
('rand val', 0.43369810973846823)
('small job', 2)
('the random val for res', 0.24740102929969188)
('the resource vector req: ', array([8., 2.]))
('rand val', 0.28160086578611954)
('small job', 3)
('the random val for res', 0.21611149552272158)
('the resource vector req: ', array([1., 6.]))
('rand val', 0.5974256972827081)
('small job', 1)
('the random val for res', 0.9674494777637748)
('the resource vector req: ', array([7., 1.]))
('rand val', 0.15516716243693074)
('small job', 3)
('the random val for res', 0.7091160872909015)
('the resource vector req: ', array([9., 1.]))
('rand val', 0.10528534159068881)
('small job', 3)
('the random val for res', 0.632671977853041)
('the resource vector req: ', array([1., 7.]))
('rand val', 0.10571937484816196)
('small job', 3)
('the random val for res', 0.6184273975613082)
('the resource vector req: ', array([10.,  1.]))
('rand val', 0.6720407966310672)
('small job', 2)
('the random val for res', 0.5805057724253834)
('the resource vector req: ', array([1., 5.]))
('rand val', 0.9775457267123754)
test2
('big job', 12)
('the random val for res', 0.9773541337170634)
('the resource vector req: ', array([5., 1.]))
('rand val', 0.7817200611550226)
test2
('big job', 15)
('the random val for res', 0.5034425857828327)
('the resource vector req: ', array([1., 8.]))
('rand val', 0.1270083066062897)
('small job', 3)
('the random val for res', 0.20611422923980727)
('the resource vector req: ', array([6., 1.]))
('rand valx', 0.037580313627804784)
('anomalous job', 19)
('the random val for res', 0.14202130569611593)
('the resource vector req: ', array([8., 2.]))
('rand val', 0.4399381441223157)
('small job', 2)
('the random val for res', 0.7856901804327593)
('the resource vector req: ', array([10.,  2.]))
('rand valx', 0.022192844296121783)
('anomalous job', 20)
('the random val for res', 0.6698104445420321)
('the resource vector req: ', array([7., 2.]))
('rand valx', 0.025626811310227482)
('anomalous job', 20)
('the random val for res', 0.9172345182657823)
('the resource vector req: ', array([2., 7.]))
('rand val', 0.601821716017504)
('small job', 2)
('the random val for res', 0.07572075609743323)
('the resource vector req: ', array([2., 9.]))
('rand val', 0.6169748006946549)
('small job', 2)
('the random val for res', 0.5929178761963875)
('the resource vector req: ', array([9., 2.]))
('rand val', 0.07090175551696676)
('small job', 1)
('the random val for res', 0.7206285673921583)
('the resource vector req: ', array([2., 6.]))
('rand val', 0.22021559574108318)
('small job', 1)
('the random val for res', 0.903510197200956)
('the resource vector req: ', array([1., 7.]))
('rand val', 0.1493496810263869)
('small job', 1)
('the random val for res', 0.19924062281194788)
('the resource vector req: ', array([1., 7.]))
('rand val', 0.8795262763089552)
test2
('big job', 17)
('the random val for res', 0.8910443354867311)
('the resource vector req: ', array([10.,  1.]))
('rand val', 0.08889574139715739)
('small job', 2)
('the random val for res', 0.5420216419793706)
('the resource vector req: ', array([1., 9.]))
('rand val', 0.07649100664066721)
('small job', 2)
('the random val for res', 0.5047452712589653)
('the resource vector req: ', array([1., 9.]))
('rand val', 0.9841503604611554)
test2
('big job', 15)
('the random val for res', 0.39441581755531174)
('the resource vector req: ', array([1., 9.]))
('rand val', 0.3318145582150511)
('small job', 2)
('the random val for res', 0.5460849790835689)
('the resource vector req: ', array([2., 5.]))
('rand valx', 0.01780296371289347)
('anomalous job', 24)
('the random val for res', 0.17847897302802862)
('the resource vector req: ', array([1., 5.]))
('rand val', 0.5851551252906223)
('small job', 1)
('the random val for res', 0.826251347468847)
('the resource vector req: ', array([7., 2.]))
('rand val', 0.6578673025897237)
('small job', 2)
('the random val for res', 0.24242689013132823)
('the resource vector req: ', array([1., 6.]))
('rand val', 0.38942741813094484)
('small job', 3)
('the random val for res', 0.26136850622758256)
('the resource vector req: ', array([1., 9.]))
('rand val', 0.8421617738161622)
test2
('big job', 12)
('the random val for res', 0.08004667340722182)
('the resource vector req: ', array([ 2., 10.]))
('rand val', 0.6411509819692608)
('small job', 1)
('the random val for res', 0.43053390068759545)
('the resource vector req: ', array([6., 2.]))
('rand val', 0.6330674958958735)
('small job', 1)
('the random val for res', 0.4909147869201327)
('the resource vector req: ', array([2., 8.]))
('rand val', 0.43838218009657615)
('small job', 2)
('the random val for res', 0.16810166977791718)
('the resource vector req: ', array([2., 7.]))
('rand val', 0.21331380648639697)
('small job', 1)
('the random val for res', 0.794052664054777)
('the resource vector req: ', array([6., 2.]))
('rand val', 0.835874610997781)
test2
('big job', 14)
('the random val for res', 0.4093004407080102)
('the resource vector req: ', array([1., 5.]))
('rand val', 0.7015990191751038)
('small job', 2)
('the random val for res', 0.7705579636893716)
('the resource vector req: ', array([5., 1.]))
('rand val', 0.5938666204556925)
('small job', 1)
('the random val for res', 0.6949660100803067)
('the resource vector req: ', array([2., 6.]))
('rand val', 0.6055235257578168)
('small job', 3)
('the random val for res', 0.36720625635727944)
('the resource vector req: ', array([2., 6.]))
('rand val', 0.5523306574857288)
('small job', 2)
('the random val for res', 0.13132736438023407)
('the resource vector req: ', array([7., 1.]))
('rand val', 0.1446485232539001)
('small job', 3)
('the random val for res', 0.5881613031808457)
('the resource vector req: ', array([ 1., 10.]))
('rand val', 0.6469647410177599)
('small job', 3)
('the random val for res', 0.2817480787590029)
('the resource vector req: ', array([ 2., 10.]))
('rand val', 0.9494641279318665)
test2
('big job', 16)
('the random val for res', 0.7104781907796298)
('the resource vector req: ', array([6., 1.]))
('rand val', 0.31499978817460017)
('small job', 3)
('the random val for res', 0.1625279007933096)
('the resource vector req: ', array([2., 9.]))
('rand val', 0.07149278523149227)
('small job', 2)
('the random val for res', 0.7149871068095452)
('the resource vector req: ', array([9., 2.]))
('rand val', 0.43152816038557085)
('small job', 1)
('the random val for res', 0.7066654523500409)
('the resource vector req: ', array([8., 1.]))
('rand val', 0.8847325050124988)
test2
('big job', 13)
('the random val for res', 0.22998821535992497)
('the resource vector req: ', array([5., 2.]))
('rand val', 0.8612007644412342)
test2
('big job', 18)
('the random val for res', 0.09840827859704893)
('the resource vector req: ', array([6., 2.]))
('rand val', 0.7149908577160342)
('small job', 2)
('the random val for res', 0.10488621537215492)
('the resource vector req: ', array([5., 2.]))
('rand val', 0.6359896640956515)
('small job', 1)
('the random val for res', 0.519608032019274)
('the resource vector req: ', array([1., 5.]))
('rand val', 0.8471328493005176)
test2
('big job', 17)
('the random val for res', 0.05846310405054378)
('the resource vector req: ', array([10.,  2.]))
('rand val', 0.13599258098553546)
('small job', 3)
('the random val for res', 0.5304623557750501)
('the resource vector req: ', array([8., 2.]))
('rand val', 0.5974901765560063)
('small job', 2)
('the random val for res', 0.685214590349077)
('the resource vector req: ', array([10.,  1.]))
('rand val', 0.8879758509964403)
test2
('big job', 16)
('the random val for res', 0.533442036322367)
('the resource vector req: ', array([7., 2.]))
('rand val', 0.34986016865183245)
('small job', 2)
('the random val for res', 0.293261136193139)
('the resource vector req: ', array([5., 2.]))
('rand val', 0.6402124173237981)
('small job', 2)
('the random val for res', 0.6811849157201624)
('the resource vector req: ', array([1., 7.]))
('rand val', 0.7811307827592888)
test2
('big job', 15)
('the random val for res', 0.7464674647837756)
('the resource vector req: ', array([1., 9.]))
('rand val', 0.29192744315807784)
('small job', 2)
('the random val for res', 0.0056522473451134925)
('the resource vector req: ', array([ 1., 14.]))
('rand val', 0.6720322015908258)
('small job', 2)
('the random val for res', 0.7359033927966607)
('the resource vector req: ', array([1., 6.]))
('rand val', 0.8142481748453629)
test2
('big job', 15)
('the random val for res', 0.9776988535223329)
('the resource vector req: ', array([6., 1.]))
('rand valx', 0.03374323303260385)
('anomalous job', 22)
('the random val for res', 0.33435090215515473)
('the resource vector req: ', array([2., 9.]))
('rand val', 0.42055799291927776)
('small job', 2)
('the random val for res', 0.832784451806014)
('the resource vector req: ', array([7., 2.]))
('rand val', 0.9009829645015499)
test2
('big job', 12)
('the random val for res', 0.13212684996612756)
('the resource vector req: ', array([ 2., 10.]))
('rand val', 0.31539177246744055)
('small job', 1)
('the random val for res', 0.2785956039926464)
('the resource vector req: ', array([7., 2.]))
('rand val', 0.4657988223828008)
('small job', 1)
('the random val for res', 0.11756057074148463)
('the resource vector req: ', array([2., 7.]))
('rand val', 0.4039978069682748)
('small job', 1)
('the random val for res', 0.46365756568739613)
('the resource vector req: ', array([6., 2.]))
('rand val', 0.10429477506697615)
('small job', 1)
('the random val for res', 0.08449999268877417)
('the resource vector req: ', array([7., 1.]))
('rand val', 0.5505246769969183)
('small job', 3)
('the random val for res', 0.8488401997001517)
('the resource vector req: ', array([8., 1.]))
('rand val', 0.32301316278145253)
('small job', 1)
('the random val for res', 0.5833308849512582)
('the resource vector req: ', array([7., 2.]))
('rand val', 0.11840948477251512)
('small job', 1)
('the random val for res', 0.7955144262599639)
('the resource vector req: ', array([2., 9.]))
('rand val', 0.10281419229289879)
('small job', 2)
('the random val for res', 0.5682193088351105)
('the resource vector req: ', array([9., 1.]))
('rand valx', 0.005751284903943832)
('anomalous job', 20)
('the random val for res', 0.6926325865251982)
('the resource vector req: ', array([5., 2.]))
('rand valx', 0.013385711986913296)
('anomalous job', 20)
('the random val for res', 0.9466659878656146)
('the resource vector req: ', array([7., 1.]))
('rand val', 0.2553037496042059)
('small job', 1)
('the random val for res', 0.9577986143786223)
('the resource vector req: ', array([5., 2.]))
('rand val', 0.5270330165303203)
('small job', 2)
('the random val for res', 0.8610232548161385)
('the resource vector req: ', array([ 1., 10.]))
('rand val', 0.2335577955196141)
('small job', 3)
('the random val for res', 0.6251243360645199)
('the resource vector req: ', array([5., 1.]))
('rand val', 0.4236460214276683)
('small job', 1)
('the random val for res', 0.41800237400452533)
('the resource vector req: ', array([1., 9.]))
('rand valx', 0.032251659518198084)
('anomalous job', 25)
('the random val for res', 0.18353857647714245)
('the resource vector req: ', array([9., 1.]))
('rand val', 0.49340342034175044)
('small job', 1)
('the random val for res', 0.23189691645306976)
('the resource vector req: ', array([2., 6.]))
('rand val', 0.4516129206057802)
('small job', 2)
('the random val for res', 0.7469081638972963)
('the resource vector req: ', array([10.,  1.]))
('rand val', 0.2709225809198349)
('small job', 1)
('the random val for res', 0.07436294751530692)
('the resource vector req: ', array([1., 8.]))
('rand val', 0.4439708101521209)
('small job', 3)
('the random val for res', 0.9151850382276026)
('the resource vector req: ', array([1., 9.]))
('rand val', 0.5190516072443816)
('small job', 3)
('the random val for res', 0.25627192100893703)
('the resource vector req: ', array([1., 6.]))
('rand val', 0.7440451444108186)
('small job', 1)
('the random val for res', 0.8452750127516709)
('the resource vector req: ', array([1., 9.]))
('rand val', 0.1786555403387886)
('small job', 3)
('the random val for res', 0.7124257227257367)
('the resource vector req: ', array([6., 2.]))
('rand val', 0.7867300478980616)
test2
('big job', 17)
('the random val for res', 0.8745418360934002)
('the resource vector req: ', array([2., 6.]))
('rand val', 0.7361479949323825)
('small job', 1)
('the random val for res', 0.10859287993298039)
('the resource vector req: ', array([2., 8.]))
('rand val', 0.5152886839028465)
('small job', 1)
('the random val for res', 0.8948938188825687)
('the resource vector req: ', array([9., 1.]))
('rand val', 0.8264614449817047)
test2
('big job', 17)
('the random val for res', 0.2516679771201539)
('the resource vector req: ', array([1., 9.]))
('rand val', 0.447531757937093)
('small job', 1)
('the random val for res', 0.7144606153510685)
('the resource vector req: ', array([10.,  2.]))
('rand val', 0.6315799260516365)
('small job', 1)
('the random val for res', 0.4553278616016343)
('the resource vector req: ', array([1., 9.]))
('rand val', 0.7153670459176068)
('small job', 2)
('the random val for res', 0.09620953455802561)
('the resource vector req: ', array([6., 2.]))
('rand val', 0.40550821758729927)
('small job', 2)
('the random val for res', 0.4125961326918648)
('the resource vector req: ', array([1., 7.]))
('rand val', 0.22242416607733007)
('small job', 2)
('the random val for res', 0.6048857835738937)
('the resource vector req: ', array([1., 7.]))
('rand val', 0.7500261998360874)
test2
('big job', 15)
('the random val for res', 0.44874371771630006)
('the resource vector req: ', array([1., 7.]))
('rand val', 0.8291515779718148)
test2
('big job', 12)
('the random val for res', 0.9661260665862857)
('the resource vector req: ', array([6., 2.]))
('rand val', 0.343113322221846)
('small job', 2)
('the random val for res', 0.9976343762161839)
('the resource vector req: ', array([5., 1.]))
('rand val', 0.24456556033829446)
('small job', 1)
('the random val for res', 0.44654892289112624)
('the resource vector req: ', array([1., 7.]))
('rand val', 0.9273304499953714)
test2
('big job', 12)
('the random val for res', 0.09400389033240375)
('the resource vector req: ', array([6., 1.]))
('rand val', 0.8214322844833378)
test2
('big job', 12)
('the random val for res', 0.894456637089912)
('the resource vector req: ', array([1., 8.]))
('rand val', 0.303737595083866)
('small job', 2)
('the random val for res', 0.15184773284763253)
('the resource vector req: ', array([8., 1.]))
('rand valx', 0.007621985420691257)
('anomalous job', 19)
('the random val for res', 0.03642043612620871)
('the resource vector req: ', array([ 1., 13.]))
('rand val', 0.7092845543599728)
('small job', 2)
('the random val for res', 0.29621415951936636)
('the resource vector req: ', array([1., 5.]))
('rand val', 0.7585720328996739)
test2
('big job', 16)
('the random val for res', 0.7493409511297058)
('the resource vector req: ', array([1., 7.]))
('rand val', 0.18433394152278515)
('small job', 2)
('the random val for res', 0.7109587491981398)
('the resource vector req: ', array([10.,  1.]))
('rand val', 0.2620565793059365)
('small job', 2)
('the random val for res', 0.49494429792741257)
('the resource vector req: ', array([6., 1.]))
('rand val', 0.9626546485303883)
test2
('big job', 18)
('the random val for res', 0.08798420905340021)
('the resource vector req: ', array([8., 1.]))
('rand val', 0.20152738029246242)
('small job', 1)
('the random val for res', 0.8548911264062878)
('the resource vector req: ', array([1., 7.]))
('rand val', 0.6872456349352204)
('small job', 3)
('the random val for res', 0.7461978168702593)
('the resource vector req: ', array([5., 2.]))
('rand val', 0.982578205995065)
test2
('big job', 12)
('the random val for res', 0.6717655335414913)
('the resource vector req: ', array([10.,  1.]))
('rand val', 0.5762621480438082)
('small job', 1)
('the random val for res', 0.6837633120156793)
('the resource vector req: ', array([1., 9.]))
('rand val', 0.45586999236001413)
('small job', 1)
('the random val for res', 0.3105693376037888)
('the resource vector req: ', array([10.,  1.]))
('rand val', 0.4471025887185308)
('small job', 3)
('the random val for res', 0.6797921529110634)
('the resource vector req: ', array([2., 9.]))
('rand val', 0.33016095889405694)
('small job', 2)
('the random val for res', 0.6911516858518169)
('the resource vector req: ', array([2., 7.]))
('rand val', 0.29350179975409396)
('small job', 3)
('the random val for res', 0.3792944115002721)
('the resource vector req: ', array([5., 2.]))
('rand val', 0.33518976193627203)
('small job', 1)
('the random val for res', 0.10933985811998836)
('the resource vector req: ', array([6., 1.]))
('rand val', 0.34190342478359104)
('small job', 1)
('the random val for res', 0.37318740741019263)
('the resource vector req: ', array([8., 1.]))
('rand valx', 0.045764783526624164)
('anomalous job', 22)
('the random val for res', 0.598909264197203)
('the resource vector req: ', array([1., 7.]))
('rand val', 0.7393388551441873)
('small job', 3)
('the random val for res', 0.9410057466699071)
('the resource vector req: ', array([6., 1.]))
('rand val', 0.9771983909193034)
test2
('big job', 13)
('the random val for res', 0.9436035237456217)
('the resource vector req: ', array([6., 2.]))
('rand val', 0.8183457833615229)
test2
('big job', 18)
('the random val for res', 0.23904399352745387)
('the resource vector req: ', array([7., 2.]))
('rand val', 0.2094913823637764)
('small job', 2)
('the random val for res', 0.8491038133102844)
('the resource vector req: ', array([7., 1.]))
('rand val', 0.4163766211091988)
('small job', 3)
('the random val for res', 0.6435619266415169)
('the resource vector req: ', array([2., 7.]))
('rand val', 0.21567974499111697)
('small job', 1)
('the random val for res', 0.5962898218115774)
('the resource vector req: ', array([1., 7.]))
('rand val', 0.5923846888995408)
('small job', 2)
('the random val for res', 0.2561064489254553)
('the resource vector req: ', array([2., 5.]))
('rand val', 0.3234601720476268)
('small job', 3)
('the random val for res', 0.09437928966854592)
('the resource vector req: ', array([5., 1.]))
('rand val', 0.8196486825133936)
test2
('big job', 16)
('the random val for res', 0.9610087461189022)
('the resource vector req: ', array([7., 2.]))
('rand val', 0.3461571348582526)
('small job', 3)
('the random val for res', 0.7434902487722389)
('the resource vector req: ', array([7., 2.]))
('rand val', 0.18530644797358775)
('small job', 1)
('the random val for res', 0.2748195681824289)
('the resource vector req: ', array([2., 8.]))
('rand val', 0.5673474284593416)
('small job', 1)
('the random val for res', 0.3405355338780768)
('the resource vector req: ', array([5., 2.]))
('rand val', 0.5015760623126926)
('small job', 3)
('the random val for res', 0.3753801141852072)
('the resource vector req: ', array([7., 2.]))
('rand val', 0.3748427307917376)
('small job', 2)
('the random val for res', 0.2876098198378131)
('the resource vector req: ', array([7., 1.]))
('rand val', 0.4061146710589667)
('small job', 1)
('the random val for res', 0.08138150348552842)
('the resource vector req: ', array([7., 2.]))
('rand val', 0.11729154565509203)
('small job', 1)
('the random val for res', 0.04749402825595084)
('the resource vector req: ', array([13.,  1.]))
('rand val', 0.7837503954544696)
test2
('big job', 18)
('the random val for res', 0.3418059249356088)
('the resource vector req: ', array([9., 2.]))
('rand val', 0.9003813882856881)
test2
('big job', 18)
('the random val for res', 0.9058642628312548)
('the resource vector req: ', array([ 1., 10.]))
('rand val', 0.25807571497203396)
('small job', 1)
('the random val for res', 0.6239347904452948)
('the resource vector req: ', array([8., 2.]))
('rand val', 0.9015505688492463)
test2
('big job', 16)
('the random val for res', 0.30507737304431404)
('the resource vector req: ', array([1., 7.]))
('rand val', 0.3080372644531266)
('small job', 1)
('the random val for res', 0.9947066645237788)
('the resource vector req: ', array([2., 8.]))
('rand val', 0.9703349288823163)
test2
('big job', 15)
('the random val for res', 0.39684901622723534)
('the resource vector req: ', array([1., 6.]))
('rand val', 0.09865275008604624)
('small job', 3)
('the random val for res', 0.957280862025586)
('the resource vector req: ', array([1., 7.]))
('rand val', 0.7577276130167364)
test2
('big job', 18)
('the random val for res', 0.7093350197810554)
('the resource vector req: ', array([1., 8.]))
('rand val', 0.08093270757668392)
('small job', 2)
('the random val for res', 0.5713661732373237)
('the resource vector req: ', array([1., 8.]))
('rand valx', 0.04821191661710955)
('anomalous job', 27)
('the random val for res', 0.039526543593217944)
('the resource vector req: ', array([ 2., 13.]))
('rand val', 0.5871240519286338)
('small job', 2)
('the random val for res', 0.8656945650683525)
('the resource vector req: ', array([8., 1.]))
('rand val', 0.3426812676757508)
('small job', 1)
('the random val for res', 0.8059576779519906)
('the resource vector req: ', array([ 2., 10.]))
('rand val', 0.6262733925557845)
('small job', 3)
('the random val for res', 0.6913217621139177)
('the resource vector req: ', array([1., 7.]))
('rand val', 0.9955693876854751)
test2
('big job', 16)
('the random val for res', 0.011173231762412583)
('the resource vector req: ', array([ 1., 14.]))
('rand val', 0.24865829994376043)
('small job', 2)
('the random val for res', 0.713577203960428)
('the resource vector req: ', array([7., 1.]))
('rand val', 0.3860325967161351)
('small job', 3)
('the random val for res', 0.9517535652375726)
('the resource vector req: ', array([1., 5.]))
('rand val', 0.09469153577307932)
('small job', 2)
('the random val for res', 0.8797345312578618)
('the resource vector req: ', array([2., 9.]))
('rand val', 0.4308785418920694)
('small job', 1)
('the random val for res', 0.4773505432915385)
('the resource vector req: ', array([8., 1.]))
('rand val', 0.7401934949437786)
('small job', 3)
('the random val for res', 0.32255343180827845)
('the resource vector req: ', array([2., 8.]))
('rand val', 0.7544190050129995)
test2
('big job', 15)
('the random val for res', 0.7536585449260705)
('the resource vector req: ', array([10.,  1.]))
('rand val', 0.408613739888818)
('small job', 2)
('the random val for res', 0.6298084711746536)
('the resource vector req: ', array([7., 1.]))
('rand val', 0.1518011838339146)
('small job', 2)
('the random val for res', 0.2902514761891971)
('the resource vector req: ', array([1., 5.]))
('rand val', 0.5836766113372882)
('small job', 1)
('the random val for res', 0.8599598277157107)
('the resource vector req: ', array([8., 1.]))
('rand val', 0.24745167070416363)
('small job', 1)
('the random val for res', 0.622309872718327)
('the resource vector req: ', array([6., 2.]))
('rand val', 0.2928717094818972)
('small job', 2)
('the random val for res', 0.14043832436760784)
('the resource vector req: ', array([2., 7.]))
('rand val', 0.33882689888654904)
('small job', 3)
('the random val for res', 0.29503210026700033)
('the resource vector req: ', array([1., 7.]))
('rand val', 0.42559440601246856)
('small job', 2)
('the random val for res', 0.6866816677630361)
('the resource vector req: ', array([7., 1.]))
('rand val', 0.0639211605997625)
('small job', 2)
('the random val for res', 0.8647938023473258)
('the resource vector req: ', array([2., 8.]))
('rand val', 0.22139728651673773)
('small job', 3)
('the random val for res', 0.3922245120694069)
('the resource vector req: ', array([10.,  1.]))
('rand val', 0.2721452493498654)
('small job', 3)
('the random val for res', 0.007882617798861236)
('the resource vector req: ', array([ 2., 11.]))
('rand val', 0.37651312392548286)
('small job', 1)
('the random val for res', 0.8896460306865211)
('the resource vector req: ', array([8., 1.]))
('rand val', 0.4812841753752096)
('small job', 3)
('the random val for res', 0.13726237305325972)
('the resource vector req: ', array([1., 7.]))
('rand val', 0.7953905460456135)
test2
('big job', 15)
('the random val for res', 0.6032663932492817)
('the resource vector req: ', array([9., 2.]))
('rand val', 0.2603570074057906)
('small job', 2)
('the random val for res', 0.2598243554670451)
('the resource vector req: ', array([ 1., 10.]))
('rand val', 0.3844691195798231)
('small job', 3)
('the random val for res', 0.506660811631488)
('the resource vector req: ', array([2., 7.]))
('rand valx', 0.03705080758074997)
('anomalous job', 26)
('the random val for res', 0.7571646203078151)
('the resource vector req: ', array([10.,  1.]))
('rand val', 0.40099068301893215)
('small job', 3)
('the random val for res', 0.03771237261454585)
('the resource vector req: ', array([ 2., 12.]))
('rand val', 0.9274682556903059)
test2
('big job', 12)
('the random val for res', 0.43556972277009975)
('the resource vector req: ', array([8., 2.]))
('rand val', 0.42403655182879196)
('small job', 3)
('the random val for res', 0.4308755078269254)
('the resource vector req: ', array([1., 9.]))
('rand val', 0.5612227779799656)
('small job', 2)
('the random val for res', 0.7774357227409581)
('the resource vector req: ', array([1., 6.]))
('rand val', 0.14496133415252987)
('small job', 2)
('the random val for res', 0.9535765746703168)
('the resource vector req: ', array([1., 5.]))
('rand val', 0.5084265900924817)
('small job', 3)
('the random val for res', 0.35998614819525043)
('the resource vector req: ', array([5., 2.]))
('rand val', 0.9244734206620691)
test2
('big job', 13)
('the random val for res', 0.9719821435321441)
('the resource vector req: ', array([2., 6.]))
('rand val', 0.2575006793627015)
('small job', 1)
('the random val for res', 0.6728859935447036)
('the resource vector req: ', array([10.,  2.]))
('rand val', 0.7347820865695731)
('small job', 2)
('the random val for res', 0.33097887531325787)
('the resource vector req: ', array([2., 9.]))
('rand val', 0.8521622042428042)
test2
('big job', 12)
('the random val for res', 0.8154786020304993)
('the resource vector req: ', array([5., 1.]))
('rand val', 0.7502370420461096)
test2
('big job', 17)
('the random val for res', 0.398317445271682)
('the resource vector req: ', array([9., 2.]))
('rand val', 0.3756702368922398)
('small job', 3)
('the random val for res', 0.8288273411460082)
('the resource vector req: ', array([ 1., 10.]))
('rand val', 0.8310932301719663)
test2
('big job', 14)
('the random val for res', 0.6329393991172115)
('the resource vector req: ', array([2., 9.]))
('rand val', 0.8079517204875101)
test2
('big job', 18)
('the random val for res', 0.24626727222859912)
('the resource vector req: ', array([10.,  1.]))
('rand val', 0.4908984348004868)
('small job', 2)
('the random val for res', 0.45857341297826315)
('the resource vector req: ', array([8., 1.]))
('rand val', 0.17675703750131255)
('small job', 2)
('the random val for res', 0.14617678190415795)
('the resource vector req: ', array([7., 1.]))
('rand val', 0.06253330936127399)
('small job', 2)
('the random val for res', 0.8820590052492163)
('the resource vector req: ', array([2., 7.]))
('rand val', 0.5277514148168029)
('small job', 1)
('the random val for res', 0.25182543397104895)
('the resource vector req: ', array([5., 2.]))
('rand val', 0.8271617114895169)
test2
('big job', 15)
('the random val for res', 0.690911328625073)
('the resource vector req: ', array([5., 2.]))
('rand val', 0.4003058483652614)
('small job', 3)
('the random val for res', 0.7266643168570798)
('the resource vector req: ', array([10.,  1.]))
('rand val', 0.9135927242343498)
test2
('big job', 17)
('the random val for res', 0.8600538630533229)
('the resource vector req: ', array([1., 7.]))
('rand val', 0.07254488993186381)
('small job', 2)
('the random val for res', 0.38506339555526947)
('the resource vector req: ', array([6., 2.]))
('rand val', 0.7177884816060586)
('small job', 2)
('the random val for res', 0.04833837736196833)
('the resource vector req: ', array([ 1., 11.]))
('rand val', 0.8206030935282526)
test2
('big job', 18)
('the random val for res', 0.6454169075668343)
('the resource vector req: ', array([2., 6.]))
('rand valx', 0.03242838528765524)
('anomalous job', 22)
('the random val for res', 0.4298542768565641)
('the resource vector req: ', array([9., 1.]))
('rand val', 0.8307706401488854)
test2
('big job', 17)
('the random val for res', 0.626116003593145)
('the resource vector req: ', array([1., 9.]))
('rand val', 0.43982800615544604)
('small job', 3)
('the random val for res', 0.8727847688200451)
('the resource vector req: ', array([9., 2.]))
('rand val', 0.8617206500835722)
test2
('big job', 14)
('the random val for res', 0.27219347916774284)
('the resource vector req: ', array([9., 2.]))
('rand val', 0.46098327206616807)
('small job', 3)
('the random val for res', 0.22226643930860723)
('the resource vector req: ', array([9., 2.]))
('rand val', 0.060818595694422495)
('small job', 2)
('the random val for res', 0.762920204593168)
('the resource vector req: ', array([2., 5.]))
('rand val', 0.6743634522016616)
('small job', 1)
('the random val for res', 0.857838920886477)
('the resource vector req: ', array([6., 1.]))
('rand valx', 0.03078623327481822)
('anomalous job', 28)
('the random val for res', 0.29343247205996625)
('the resource vector req: ', array([10.,  2.]))
('rand valx', 0.02192281686421116)
('anomalous job', 23)
('the random val for res', 0.9073926784155475)
('the resource vector req: ', array([1., 9.]))
('rand val', 0.8201527544626542)
test2
('big job', 17)
('the random val for res', 0.2652904458275429)
('the resource vector req: ', array([1., 9.]))
('rand val', 0.21252648031962595)
('small job', 3)
('the random val for res', 0.9224763925854453)
('the resource vector req: ', array([2., 6.]))
('rand val', 0.8890192329093521)
test2
('big job', 12)
('the random val for res', 0.774525644830777)
('the resource vector req: ', array([2., 8.]))
('rand val', 0.7839123310022894)
test2
('big job', 12)
('the random val for res', 0.9817948353168277)
('the resource vector req: ', array([10.,  1.]))
('rand val', 0.8319644306318454)
test2
('big job', 16)
('the random val for res', 0.1722279679557529)
('the resource vector req: ', array([10.,  2.]))
('rand val', 0.10880097704810299)
('small job', 2)
('the random val for res', 0.9474551756853349)
('the resource vector req: ', array([1., 5.]))
('rand val', 0.7741252040671293)
test2
('big job', 12)
('the random val for res', 0.2534386751881794)
('the resource vector req: ', array([8., 2.]))
('rand val', 0.5633027839649336)
('small job', 3)
('the random val for res', 0.5826131433564852)
('the resource vector req: ', array([5., 1.]))
('rand val', 0.950224698301842)
test2
('big job', 12)
('the random val for res', 0.12977989528158396)
('the resource vector req: ', array([1., 6.]))
('rand val', 0.18441716916445527)
('small job', 1)
('the random val for res', 0.9760898795504325)
('the resource vector req: ', array([1., 6.]))
('rand val', 0.2067063234405757)
('small job', 3)
('the random val for res', 0.35402046251191144)
('the resource vector req: ', array([2., 6.]))
('rand val', 0.8389042690292217)
test2
('big job', 17)
('the random val for res', 0.8681515920850608)
('the resource vector req: ', array([8., 2.]))
('rand valx', 0.026655624650835708)
('anomalous job', 26)
('the random val for res', 0.7577148523429251)
('the resource vector req: ', array([10.,  2.]))
('rand val', 0.14919060512881333)
('small job', 2)
('the random val for res', 0.08639349939039664)
('the resource vector req: ', array([1., 6.]))
('rand val', 0.8361080256182157)
test2
('big job', 15)
('the random val for res', 0.7425255159961338)
('the resource vector req: ', array([10.,  2.]))
('rand val', 0.825237471250458)
test2
('big job', 18)
('the random val for res', 0.8852736355329617)
('the resource vector req: ', array([10.,  1.]))
('rand val', 0.5148032785628456)
('small job', 1)
('the random val for res', 0.059085920131404124)
('the resource vector req: ', array([1., 6.]))
('rand val', 0.06332989791548971)
('small job', 3)
('the random val for res', 0.2987656260988931)
('the resource vector req: ', array([1., 7.]))
('rand val', 0.8947572959573541)
test2
('big job', 17)
('the random val for res', 0.5096096632194014)
('the resource vector req: ', array([1., 6.]))
('rand val', 0.5027890449179758)
('small job', 1)
('the random val for res', 0.6204299159841468)
('the resource vector req: ', array([2., 9.]))
('rand val', 0.4798318926141044)
('small job', 3)
('the random val for res', 0.8912316879208543)
('the resource vector req: ', array([8., 2.]))
('rand val', 0.6549434540751784)
('small job', 1)
('the random val for res', 0.30602968512875217)
('the resource vector req: ', array([2., 5.]))
('rand val', 0.5491961385577181)
('small job', 1)
('the random val for res', 0.47477668475758694)
('the resource vector req: ', array([8., 1.]))
('rand val', 0.723424605617517)
('small job', 2)
('the random val for res', 0.8507692766849099)
('the resource vector req: ', array([2., 6.]))
('rand val', 0.38728972212819546)
('small job', 3)
('the random val for res', 0.3851864247321227)
('the resource vector req: ', array([1., 8.]))
('rand val', 0.22997911538034221)
('small job', 1)
('the random val for res', 0.4359152578933302)
('the resource vector req: ', array([7., 1.]))
('rand val', 0.6288212099710166)
('small job', 1)
('the random val for res', 0.08167836551811458)
('the resource vector req: ', array([7., 1.]))
('rand val', 0.07164606549814811)
('small job', 1)
('the random val for res', 0.5904993983450566)
('the resource vector req: ', array([5., 1.]))
('rand val', 0.247289249068264)
('small job', 2)
('the random val for res', 0.7336863228946141)
('the resource vector req: ', array([2., 5.]))
('rand val', 0.6116735824550107)
('small job', 1)
('the random val for res', 0.9664358788755351)
('the resource vector req: ', array([10.,  1.]))
('rand val', 0.5774581587857074)
('small job', 3)
('the random val for res', 0.421138325255232)
('the resource vector req: ', array([6., 2.]))
('rand val', 0.4644243400951097)
('small job', 1)
('the random val for res', 0.750564518995465)
('the resource vector req: ', array([2., 8.]))
('rand val', 0.547134456616333)
('small job', 2)
('the random val for res', 0.6367789832318405)
('the resource vector req: ', array([10.,  2.]))
('rand valx', 0.009858282299367582)
('anomalous job', 26)
('the random val for res', 0.15554773544917877)
('the resource vector req: ', array([1., 9.]))
('rand val', 0.9563952450743994)
test2
('big job', 17)
('the random val for res', 0.6975593752781312)
('the resource vector req: ', array([2., 7.]))
('rand val', 0.2188017194351073)
('small job', 3)
('the random val for res', 0.9284400361260898)
('the resource vector req: ', array([5., 1.]))
('rand val', 0.39873042122347513)
('small job', 1)
('the random val for res', 0.03152676462625814)
('the resource vector req: ', array([ 1., 13.]))
('rand val', 0.0847933245888135)
('small job', 1)
('the random val for res', 0.8143440611216437)
('the resource vector req: ', array([10.,  1.]))
('rand val', 0.7831294037983139)
test2
('big job', 13)
('the random val for res', 0.46252268466504354)
('the resource vector req: ', array([6., 1.]))
('rand val', 0.7354134012220679)
('small job', 1)
('the random val for res', 0.7822774271358377)
('the resource vector req: ', array([5., 2.]))
('rand val', 0.14125341535468827)
('small job', 2)
('the random val for res', 0.8854404083949355)
('the resource vector req: ', array([2., 7.]))
('rand val', 0.893537147845043)
test2
('big job', 14)
('the random val for res', 0.8526257042853888)
('the resource vector req: ', array([2., 5.]))
('rand val', 0.7905824078021528)
test2
('big job', 15)
('the random val for res', 0.13596009479070792)
('the resource vector req: ', array([2., 8.]))
('rand val', 0.7255075730858903)
('small job', 2)
('the random val for res', 0.9858304547771939)
('the resource vector req: ', array([2., 6.]))
('rand val', 0.5480540045436221)
('small job', 1)
('the random val for res', 0.12458414467509382)
('the resource vector req: ', array([1., 9.]))
('rand val', 0.28171651357922467)
('small job', 3)
('the random val for res', 0.8579401292953007)
('the resource vector req: ', array([1., 7.]))
('rand val', 0.9568786444185855)
test2
('big job', 12)
('the random val for res', 0.8884994171337103)
('the resource vector req: ', array([2., 5.]))
('rand val', 0.8131048803392583)
test2
('big job', 13)
('the random val for res', 0.08967854109492046)
('the resource vector req: ', array([2., 8.]))
('rand val', 0.988363465134683)
test2
('big job', 15)
('the random val for res', 0.5559358336741816)
('the resource vector req: ', array([6., 1.]))
('rand val', 0.06342883576574287)
('small job', 2)
('the random val for res', 0.6035398071450654)
('the resource vector req: ', array([1., 5.]))
('rand val', 0.6121284534685795)
('small job', 2)
('the random val for res', 0.040863394114166285)
('the resource vector req: ', array([ 2., 11.]))
('rand val', 0.9480009816556824)
test2
('big job', 14)
('the random val for res', 0.09352364869648455)
('the resource vector req: ', array([ 2., 10.]))
('rand val', 0.8038409426123586)
test2
('big job', 15)
('the random val for res', 0.038152973631033094)
('the resource vector req: ', array([ 2., 14.]))
('rand val', 0.881288216291651)
test2
('big job', 12)
('the random val for res', 0.6234877168593022)
('the resource vector req: ', array([1., 9.]))
('rand val', 0.27435174340860946)
('small job', 2)
('the random val for res', 0.3090259348157718)
('the resource vector req: ', array([5., 1.]))
('rand val', 0.4286766605167275)
('small job', 2)
('the random val for res', 0.8753807002289486)
('the resource vector req: ', array([9., 1.]))
('rand val', 0.35396895996008004)
('small job', 1)
('the random val for res', 0.6338231893902668)
('the resource vector req: ', array([7., 1.]))
('rand val', 0.18126720268234742)
('small job', 1)
('the random val for res', 0.6131660975767218)
('the resource vector req: ', array([1., 7.]))
('rand val', 0.18722337040305215)
('small job', 3)
('the random val for res', 0.028933448677996743)
('the resource vector req: ', array([ 2., 13.]))
('rand val', 0.860260619455804)
test2
('big job', 15)
('the random val for res', 0.06239242501038467)
('the resource vector req: ', array([7., 2.]))
('rand val', 0.39663607162816295)
('small job', 3)
('the random val for res', 0.04712631470828699)
('the resource vector req: ', array([13.,  2.]))
('rand val', 0.42293329671001023)
('small job', 1)
('the random val for res', 0.7963372147102141)
('the resource vector req: ', array([6., 2.]))
('rand val', 0.6614625355795356)
('small job', 2)
('the random val for res', 0.36987876761432836)
('the resource vector req: ', array([7., 1.]))
('rand val', 0.6714304071373489)
('small job', 3)
('the random val for res', 0.6546083589493991)
('the resource vector req: ', array([7., 2.]))
('rand val', 0.2782787907088504)
('small job', 3)
('the random val for res', 0.9440431313850209)
('the resource vector req: ', array([ 1., 10.]))
('rand val', 0.0936946233507342)
('small job', 3)
('the random val for res', 0.19440149157579711)
('the resource vector req: ', array([10.,  1.]))
('rand valx', 0.0019188137996990484)
('anomalous job', 22)
('the random val for res', 0.5008259847479882)
('the resource vector req: ', array([2., 9.]))
('rand val', 0.9002485924208324)
test2
('big job', 12)
('the random val for res', 0.3308480703145493)
('the resource vector req: ', array([1., 8.]))
('rand val', 0.7620395439752708)
test2
('big job', 13)
('the random val for res', 0.8994860336697874)
('the resource vector req: ', array([1., 7.]))
('rand val', 0.18048695831510575)
('small job', 1)
('the random val for res', 0.8710628464803449)
('the resource vector req: ', array([5., 2.]))
('rand val', 0.8279590268516752)
test2
('big job', 12)
('the random val for res', 0.014107183331562578)
('the resource vector req: ', array([13.,  2.]))
('rand val', 0.7231529044261041)
('small job', 1)
('the random val for res', 0.17092095009800812)
('the resource vector req: ', array([10.,  2.]))
('rand val', 0.720265534750794)
('small job', 2)
('the random val for res', 0.43832530027314043)
('the resource vector req: ', array([5., 1.]))
('rand val', 0.30483431591086707)
('small job', 3)
('the random val for res', 0.5466969818684799)
('the resource vector req: ', array([7., 2.]))
('rand val', 0.5079518127728488)
('small job', 2)
('the random val for res', 0.062396178105808664)
('the resource vector req: ', array([7., 1.]))
('rand val', 0.700678189944849)
('small job', 1)
('the random val for res', 0.5173231513794717)
('the resource vector req: ', array([9., 2.]))
('rand val', 0.4023126033157526)
('small job', 2)
('the random val for res', 0.9295523941834316)
('the resource vector req: ', array([9., 2.]))
('rand val', 0.14500301486449696)
('small job', 2)
('the random val for res', 0.9970884685453604)
('the resource vector req: ', array([5., 1.]))
('rand val', 0.5261058324612893)
('small job', 1)
('the random val for res', 0.8054951377088061)
('the resource vector req: ', array([8., 1.]))
('rand val', 0.45894350240767534)
('small job', 2)
('the random val for res', 0.7088444125305866)
('the resource vector req: ', array([ 2., 10.]))
('rand val', 0.37074291026543627)
('small job', 2)
('the random val for res', 0.3567604155181061)
('the resource vector req: ', array([5., 1.]))
('rand val', 0.8943661531002836)
test2
('big job', 15)
('the random val for res', 0.32952428196475647)
('the resource vector req: ', array([1., 7.]))
('rand val', 0.5497939756414459)
('small job', 2)
('the random val for res', 0.6437125192986698)
('the resource vector req: ', array([7., 1.]))
('rand val', 0.8930847252434754)
test2
('big job', 13)
('the random val for res', 0.46695849681000634)
('the resource vector req: ', array([6., 2.]))
('rand val', 0.4678019575689659)
('small job', 3)
('the random val for res', 0.5626470693788407)
('the resource vector req: ', array([1., 6.]))
('rand val', 0.2950540472242472)
('small job', 2)
('the random val for res', 0.8763962612738603)
('the resource vector req: ', array([6., 1.]))
('rand val', 0.9758363396954519)
test2
('big job', 18)
('the random val for res', 0.13392097967419392)
('the resource vector req: ', array([9., 1.]))
('rand val', 0.1505086504218529)
('small job', 2)
('the random val for res', 0.395827626446028)
('the resource vector req: ', array([1., 6.]))
('rand val', 0.3715752082672552)
('small job', 2)
('the random val for res', 0.6411176066640747)
('the resource vector req: ', array([ 1., 10.]))
('rand val', 0.7592906697289821)
test2
('big job', 18)
('the random val for res', 0.25308148089699944)
('the resource vector req: ', array([2., 9.]))
('rand val', 0.9860696065342537)
test2
('big job', 17)
('the random val for res', 0.7656953248542702)
('the resource vector req: ', array([7., 2.]))
('rand val', 0.8914166034120816)
test2
('big job', 18)
('the random val for res', 0.08881694045726407)
('the resource vector req: ', array([ 1., 10.]))
('rand val', 0.07825930439824635)
('small job', 3)
('the random val for res', 0.7635989706894669)
('the resource vector req: ', array([5., 1.]))
('rand val', 0.9554137793031616)
test2
('big job', 16)
('the random val for res', 0.1595607535029555)
('the resource vector req: ', array([8., 1.]))
('rand val', 0.6424316650264531)
('small job', 3)
('the random val for res', 0.20749080324277824)
('the resource vector req: ', array([2., 7.]))
('rand val', 0.4011203208441506)
('small job', 3)
('the random val for res', 0.4202003060351438)
('the resource vector req: ', array([ 2., 10.]))
('rand val', 0.7667395470970343)
test2
('big job', 13)
('the random val for res', 0.3690702211716326)
('the resource vector req: ', array([5., 2.]))
('rand val', 0.47948174300069213)
('small job', 1)
('the random val for res', 0.127108293303818)
('the resource vector req: ', array([2., 9.]))
('rand val', 0.19889253840557652)
('small job', 3)
('the random val for res', 0.34535302429271564)
('the resource vector req: ', array([9., 1.]))
('rand val', 0.7878820356797059)
test2
('big job', 17)
('the random val for res', 0.6188062924787519)
('the resource vector req: ', array([10.,  2.]))
('rand valx', 0.007560429823711523)
('anomalous job', 24)
('the random val for res', 0.1601358216511377)
('the resource vector req: ', array([2., 9.]))
('rand val', 0.42873456252198594)
('small job', 2)
('the random val for res', 0.23122539099169137)
('the resource vector req: ', array([2., 9.]))
('rand val', 0.3206371052066256)
('small job', 2)
('the random val for res', 0.47307267241346995)
('the resource vector req: ', array([1., 9.]))
('rand val', 0.06917899747922684)
('small job', 3)
('the random val for res', 0.469087075723733)
('the resource vector req: ', array([10.,  1.]))
('rand val', 0.9373199245879318)
test2
('big job', 15)
('the random val for res', 0.4097158988340237)
('the resource vector req: ', array([2., 9.]))
('rand val', 0.531076319138432)
('small job', 2)
('the random val for res', 0.11019967134884656)
('the resource vector req: ', array([2., 8.]))
('rand val', 0.7667746059973006)
test2
('big job', 16)
('the random val for res', 0.3640750928302716)
('the resource vector req: ', array([2., 9.]))
('rand val', 0.4079151020098011)
('small job', 3)
('the random val for res', 0.3984574250356312)
('the resource vector req: ', array([8., 1.]))
('rand val', 0.5479109496337643)
('small job', 2)
('the random val for res', 0.6099322238985859)
('the resource vector req: ', array([1., 8.]))
('rand val', 0.6773061702333725)
('small job', 1)
('the random val for res', 0.483689810693373)
('the resource vector req: ', array([1., 5.]))
('rand valx', 0.046982262087274296)
('anomalous job', 27)
('the random val for res', 0.21290865157867667)
('the resource vector req: ', array([ 1., 10.]))
('rand val', 0.6813613612154832)
('small job', 1)
('the random val for res', 0.8980313299177191)
('the resource vector req: ', array([1., 7.]))
('rand val', 0.873953626075977)
test2
('big job', 13)
('the random val for res', 0.5777750415481042)
('the resource vector req: ', array([10.,  2.]))
('rand val', 0.5914836139364504)
('small job', 1)
('the random val for res', 0.7199758871502425)
('the resource vector req: ', array([ 1., 10.]))
('rand val', 0.6373029518938718)
('small job', 2)
('the random val for res', 0.7859321365054298)
('the resource vector req: ', array([2., 5.]))
('rand val', 0.9470577972341263)
test2
('big job', 17)
('the random val for res', 0.35568818229112165)
('the resource vector req: ', array([5., 2.]))
('rand valx', 0.04065729026893461)
('anomalous job', 23)
('the random val for res', 0.9267717984054182)
('the resource vector req: ', array([8., 2.]))
('rand val', 0.6100210990467686)
('small job', 3)
('the random val for res', 0.7720207470184811)
('the resource vector req: ', array([7., 2.]))
('rand val', 0.7086772297761921)
('small job', 3)
('the random val for res', 0.10787086698713788)
('the resource vector req: ', array([2., 6.]))
('rand val', 0.349305398580827)
('small job', 2)
('the random val for res', 0.5438783965035766)
('the resource vector req: ', array([5., 2.]))
('rand val', 0.46933973986926103)
('small job', 1)
('the random val for res', 0.18148411513244056)
('the resource vector req: ', array([2., 9.]))
('rand val', 0.6455868033694504)
('small job', 3)
('the random val for res', 0.7400319684621506)
('the resource vector req: ', array([2., 8.]))
(u'workload', array([0., 0.]))
Load on # 0 resource dimension is 2.882
Load on # 1 resource dimension is 3.141
('network actions', actions)
network_input_height= 30
network_input_width= 225
network_output_dim= 16
 params= [W, b, W, b, W, b, W, b]  count= 2675216
/home/terhard/.conda/envs/py27/lib/python2.7/site-packages/lasagne/layers/conv.py:489: UserWarning: The `image_shape` keyword argument to `tensor.nnet.conv2d` is deprecated, it has been renamed to `input_shape`.
  border_mode=border_mode)
Traceback (most recent call last):
  File "launcher.py", line 165, in <module>
    main()
  File "launcher.py", line 147, in main
    pg_su.launch(pa, pg_resume, render, repre='image', end='all_done')
  File "/gpfs/home6/terhard/DeepRM_2/pg_su.py", line 43, in launch
    pg_learner = pg_network.PGLearner(pa)
  File "/gpfs/home6/terhard/DeepRM_2/pg_network.py", line 113, in __init__
    grads = T.grad(loss, params)
NameError: global name 'loss' is not defined
srun: error: gcn18: task 0: Exited with exit code 1
srun: Terminating StepId=6272914.0

JOB STATISTICS
==============
Job ID: 6272914
Cluster: snellius
User/Group: terhard/terhard
State: FAILED (exit code 1)
Nodes: 1
Cores per node: 18
CPU Utilized: 00:00:15
CPU Efficiency: 3.09% of 00:08:06 core-walltime
Job Wall-clock time: 00:00:27
Memory Utilized: 1.20 MB
Memory Efficiency: 0.00% of 120.00 GB
