============================================================================================== 
Warning! Mixing Conda and module environments may lead to corruption of the
user environment. 
We do not recommend users mixing those two environments unless absolutely
necessary. Note that 
SURF does not provide any support for Conda environment.
For more information, please refer to our software policy page:
https://servicedesk.surf.nl/wiki/display/WIKI/Software+policy+Snellius#SoftwarepolicySnellius-UseofAnacondaandMinicondaenvironmentsonSnellius 

Remember that many packages have already been installed on the system and can
be loaded using 
the 'module load <package__name>' command. If you are uncertain if a package is
already available 
on the system, please use 'module avail' or 'module spider' to search for it.
============================================================================================== 
ERROR (theano.sandbox.cuda): nvcc compiler not found on $PATH. Check your nvcc installation and try again.
/home/terhard/.conda/envs/py27/lib/python2.7/site-packages/theano/tensor/signal/downsample.py:6: UserWarning: downsample module has been moved to the theano.tensor.signal.pool module.
  "downsample module has been moved to the theano.tensor.signal.pool module.")

Experiment type: pg_re
CNN used: False

Preparing for workers...
-prepare for env- 0
initialize the environment...
-prepare for env- 1
initialize the environment...
-prepare for env- 2
initialize the environment...
-prepare for env- 3
initialize the environment...
-prepare for env- 4
initialize the environment...
-prepare for worker- 0
-prepare for worker- 1
-prepare for worker- 2
-prepare for worker- 3
-prepare for worker- 4
-prepare for worker- 5
-prepare for worker- 6
-prepare for worker- 7
-prepare for worker- 8
-prepare for worker- 9
-prepare for worker- 10
Preparing for reference data...
initialize the environment...
Start training...
/home/terhard/.conda/envs/py27/lib/python2.7/site-packages/theano/tensor/subtensor.py:2166: FutureWarning: Using a non-tuple sequence for multidimensional indexing is deprecated; use `arr[tuple(seq)]` instead of `arr[seq]`. In the future this will be interpreted as an array index, `arr[np.array(seq)]`, which will result either in an error or a different result.
  out[0] = inputs[0].__getitem__(inputs[1:])
-----------------
Epoch: 	 1
NumTrajs: 	 50
NumTimesteps: 	 1842
MaxRew: 	 -3.6957647066404307
MeanRew: 	 -19.48050917827955 +- 10.937553019483707
MeanSlowdown: 	 3.41875
MeanLen: 	 36.84 +- 6.210829252201352
MeanEntropy 	 2.7725828
Elapsed time	 1.12008786201 seconds
-----------------
Writing to CSV: Heuristic=FCFS, Metric=MeanSlowdown, Value=1.1875, Epoch=1
-----------------
Epoch: 	 2
NumTrajs: 	 50
NumTimesteps: 	 1895
MaxRew: 	 -1.652588200333631
MeanRew: 	 -18.607947844968738 +- 11.283357502705115
MeanSlowdown: 	 3.3625
MeanLen: 	 37.9 +- 6.478425734698207
MeanEntropy 	 2.7725298
Elapsed time	 1.36157393456 seconds
-----------------
Writing to CSV: Heuristic=FCFS, Metric=MeanSlowdown, Value=1.1875, Epoch=2
-----------------
Epoch: 	 3
NumTrajs: 	 50
NumTimesteps: 	 1963
MaxRew: 	 -3.3093238238487883
MeanRew: 	 -17.893110834661726 +- 11.045252703410018
MeanSlowdown: 	 3.421875
MeanLen: 	 39.26 +- 7.742893515992584
MeanEntropy 	 2.772264
Elapsed time	 1.4137878418 seconds
-----------------
Writing to CSV: Heuristic=FCFS, Metric=MeanSlowdown, Value=1.1875, Epoch=3
-----------------
Epoch: 	 4
NumTrajs: 	 50
NumTimesteps: 	 1935
MaxRew: 	 -4.528782137536327
MeanRew: 	 -19.131605016255968 +- 10.894675946999342
MeanSlowdown: 	 3.6375
MeanLen: 	 38.7 +- 9.000555538409838
MeanEntropy 	 2.7718377
Elapsed time	 1.37548089027 seconds
-----------------
Writing to CSV: Heuristic=FCFS, Metric=MeanSlowdown, Value=1.1875, Epoch=4
-----------------
Epoch: 	 5
NumTrajs: 	 50
NumTimesteps: 	 1894
MaxRew: 	 -2.50938760988292
MeanRew: 	 -18.199260372875273 +- 12.21149148876322
MeanSlowdown: 	 2.984375
MeanLen: 	 37.88 +- 7.350210881328508
MeanEntropy 	 2.7711627
Elapsed time	 1.50047397614 seconds
-----------------
Writing to CSV: Heuristic=FCFS, Metric=MeanSlowdown, Value=1.1875, Epoch=5
-----------------
Epoch: 	 6
NumTrajs: 	 50
NumTimesteps: 	 2049
MaxRew: 	 -5.713613453250947
MeanRew: 	 -18.33599780594058 +- 9.027891476030348
MeanSlowdown: 	 3.41875
MeanLen: 	 40.98 +- 8.324638130273291
MeanEntropy 	 2.76922
Elapsed time	 1.56766200066 seconds
-----------------
Writing to CSV: Heuristic=FCFS, Metric=MeanSlowdown, Value=1.1875, Epoch=6
-----------------
Epoch: 	 7
NumTrajs: 	 50
NumTimesteps: 	 1993
MaxRew: 	 -5.229301279053078
MeanRew: 	 -18.011267333655876 +- 9.658793451731944
MeanSlowdown: 	 3.884375
MeanLen: 	 39.86 +- 7.745992512260775
MeanEntropy 	 2.7667074
Elapsed time	 1.49685096741 seconds
-----------------
Writing to CSV: Heuristic=FCFS, Metric=MeanSlowdown, Value=1.1875, Epoch=7
-----------------
Epoch: 	 8
NumTrajs: 	 50
NumTimesteps: 	 1935
MaxRew: 	 -1.7333907214482942
MeanRew: 	 -18.087204861557126 +- 11.575455503277164
MeanSlowdown: 	 3.578125
MeanLen: 	 38.7 +- 7.049113419430843
MeanEntropy 	 2.7674499
Elapsed time	 1.42684316635 seconds
-----------------
Writing to CSV: Heuristic=FCFS, Metric=MeanSlowdown, Value=1.1875, Epoch=8
-----------------
Epoch: 	 9
NumTrajs: 	 50
NumTimesteps: 	 2031
MaxRew: 	 -2.8880020764311856
MeanRew: 	 -18.058867278175434 +- 11.777652528695691
MeanSlowdown: 	 4.121875
MeanLen: 	 40.62 +- 9.361388785858646
MeanEntropy 	 2.763088
Elapsed time	 1.51983094215 seconds
-----------------
Writing to CSV: Heuristic=FCFS, Metric=MeanSlowdown, Value=1.1875, Epoch=9
-----------------
Epoch: 	 10
NumTrajs: 	 50
NumTimesteps: 	 2058
MaxRew: 	 -2.223404476363849
MeanRew: 	 -17.93201914736941 +- 10.761276148322901
MeanSlowdown: 	 4.225
MeanLen: 	 41.16 +- 10.188935174982714
MeanEntropy 	 2.7630475
Elapsed time	 1.52896690369 seconds
-----------------
Writing to CSV: Heuristic=FCFS, Metric=MeanSlowdown, Value=1.1875, Epoch=10
initialize the environment...
None
-----------------
Epoch: 	 11
NumTrajs: 	 50
NumTimesteps: 	 1931
MaxRew: 	 -4.702446178018453
MeanRew: 	 -17.112105354553425 +- 8.960607458982569
MeanSlowdown: 	 3.71875
MeanLen: 	 38.62 +- 7.832981552384762
MeanEntropy 	 2.7600746
Elapsed time	 9.81663012505 seconds
-----------------
Writing to CSV: Heuristic=FCFS, Metric=MeanSlowdown, Value=1.1875, Epoch=11
-----------------
Epoch: 	 12
NumTrajs: 	 50
NumTimesteps: 	 1923
MaxRew: 	 -3.4374217489791503
MeanRew: 	 -17.03767199826419 +- 8.514920100880975
MeanSlowdown: 	 3.765625
MeanLen: 	 38.46 +- 8.711394836649296
MeanEntropy 	 2.759017
Elapsed time	 1.4601919651 seconds
-----------------
Writing to CSV: Heuristic=FCFS, Metric=MeanSlowdown, Value=1.1875, Epoch=12
-----------------
Epoch: 	 13
NumTrajs: 	 50
NumTimesteps: 	 1991
MaxRew: 	 -3.4704069412922665
MeanRew: 	 -15.190213001527697 +- 8.722657234479176
MeanSlowdown: 	 3.671875
MeanLen: 	 39.82 +- 7.140560202112996
MeanEntropy 	 2.759176
Elapsed time	 1.53659296036 seconds
-----------------
Writing to CSV: Heuristic=FCFS, Metric=MeanSlowdown, Value=1.1875, Epoch=13
-----------------
Epoch: 	 14
NumTrajs: 	 50
NumTimesteps: 	 1972
MaxRew: 	 -5.76830116544546
MeanRew: 	 -16.91187273437372 +- 8.099593961348473
MeanSlowdown: 	 3.925
MeanLen: 	 39.44 +- 7.16982566036302
MeanEntropy 	 2.7582252
Elapsed time	 1.54559087753 seconds
-----------------
Writing to CSV: Heuristic=FCFS, Metric=MeanSlowdown, Value=1.1875, Epoch=14
-----------------
Epoch: 	 15
NumTrajs: 	 50
NumTimesteps: 	 1994
MaxRew: 	 -5.587728979845772
MeanRew: 	 -17.26971103948108 +- 8.789398593772804
MeanSlowdown: 	 4.159375
MeanLen: 	 39.88 +- 7.855291210388065
MeanEntropy 	 2.7545586
Elapsed time	 1.56807208061 seconds
-----------------
Writing to CSV: Heuristic=FCFS, Metric=MeanSlowdown, Value=1.1875, Epoch=15
-----------------
Epoch: 	 16
NumTrajs: 	 50
NumTimesteps: 	 1946
MaxRew: 	 -2.906444632135451
MeanRew: 	 -16.870894407005075 +- 9.314537251620747
MeanSlowdown: 	 4.003125
MeanLen: 	 38.92 +- 8.487261042291559
MeanEntropy 	 2.7505014
Elapsed time	 1.53927111626 seconds
-----------------
Writing to CSV: Heuristic=FCFS, Metric=MeanSlowdown, Value=1.1875, Epoch=16
-----------------
Epoch: 	 17
NumTrajs: 	 50
NumTimesteps: 	 1964
MaxRew: 	 -6.24795271183166
MeanRew: 	 -17.40536890005248 +- 9.72168107904024
MeanSlowdown: 	 3.903125
MeanLen: 	 39.28 +- 8.604742878203856
MeanEntropy 	 2.7467148
Elapsed time	 1.52033805847 seconds
-----------------
Writing to CSV: Heuristic=FCFS, Metric=MeanSlowdown, Value=1.1875, Epoch=17
-----------------
Epoch: 	 18
NumTrajs: 	 50
NumTimesteps: 	 1991
MaxRew: 	 -6.35487528438819
MeanRew: 	 -15.67684054984034 +- 7.889291733544153
MeanSlowdown: 	 3.821875
MeanLen: 	 39.82 +- 8.110955554063898
MeanEntropy 	 2.746534
Elapsed time	 1.55522704124 seconds
-----------------
Writing to CSV: Heuristic=FCFS, Metric=MeanSlowdown, Value=1.1875, Epoch=18
-----------------
Epoch: 	 19
NumTrajs: 	 50
NumTimesteps: 	 1895
MaxRew: 	 -6.7113481993579756
MeanRew: 	 -15.502396388751539 +- 8.220912584431339
MeanSlowdown: 	 3.778125
MeanLen: 	 37.9 +- 7.710382610480495
MeanEntropy 	 2.7466166
Elapsed time	 1.53876209259 seconds
-----------------
Writing to CSV: Heuristic=FCFS, Metric=MeanSlowdown, Value=1.1875, Epoch=19
-----------------
Epoch: 	 20
NumTrajs: 	 50
NumTimesteps: 	 1967
MaxRew: 	 -7.021953118983291
MeanRew: 	 -17.0547433436602 +- 6.745917634882482
MeanSlowdown: 	 3.915625
MeanLen: 	 39.34 +- 9.292168745777273
MeanEntropy 	 2.746585
Elapsed time	 1.58767700195 seconds
-----------------
Writing to CSV: Heuristic=FCFS, Metric=MeanSlowdown, Value=1.1875, Epoch=20
initialize the environment...
None
-----------------
Epoch: 	 21
NumTrajs: 	 50
NumTimesteps: 	 2060
MaxRew: 	 -4.160294846193364
MeanRew: 	 -15.53213066818581 +- 8.554916564345364
MeanSlowdown: 	 4.028125
MeanLen: 	 41.2 +- 9.61041102138717
MeanEntropy 	 2.7419248
Elapsed time	 9.59216880798 seconds
-----------------
Writing to CSV: Heuristic=FCFS, Metric=MeanSlowdown, Value=1.1875, Epoch=21
-----------------
Epoch: 	 22
NumTrajs: 	 50
NumTimesteps: 	 2056
MaxRew: 	 -7.742709202918628
MeanRew: 	 -16.648050095601963 +- 7.480515447744121
MeanSlowdown: 	 4.053125
MeanLen: 	 41.12 +- 8.659422613546472
MeanEntropy 	 2.7404425
Elapsed time	 1.54076385498 seconds
-----------------
Writing to CSV: Heuristic=FCFS, Metric=MeanSlowdown, Value=1.1875, Epoch=22
-----------------
Epoch: 	 23
NumTrajs: 	 50
NumTimesteps: 	 2042
MaxRew: 	 -5.865538964297661
MeanRew: 	 -17.611499387790268 +- 8.686509070780017
MeanSlowdown: 	 4.084375
MeanLen: 	 40.84 +- 9.636098795674522
MeanEntropy 	 2.7366786
Elapsed time	 1.54272413254 seconds
-----------------
Writing to CSV: Heuristic=FCFS, Metric=MeanSlowdown, Value=1.1875, Epoch=23
-----------------
Epoch: 	 24
NumTrajs: 	 50
NumTimesteps: 	 2052
MaxRew: 	 -5.860521991274027
MeanRew: 	 -14.901504700401636 +- 7.5773377975442315
MeanSlowdown: 	 4.33125
MeanLen: 	 41.04 +- 9.852837154850373
MeanEntropy 	 2.7285888
Elapsed time	 1.57024502754 seconds
-----------------
Writing to CSV: Heuristic=FCFS, Metric=MeanSlowdown, Value=1.1875, Epoch=24
-----------------
Epoch: 	 25
NumTrajs: 	 50
NumTimesteps: 	 2095
MaxRew: 	 -3.3198824082264844
MeanRew: 	 -13.913991793020834 +- 8.108482915840508
MeanSlowdown: 	 3.928125
MeanLen: 	 41.9 +- 12.453513560437473
MeanEntropy 	 2.728351
Elapsed time	 1.60316085815 seconds
-----------------
Writing to CSV: Heuristic=FCFS, Metric=MeanSlowdown, Value=1.1875, Epoch=25
-----------------
Epoch: 	 26
NumTrajs: 	 50
NumTimesteps: 	 2055
MaxRew: 	 -4.97838442575464
MeanRew: 	 -15.66737091529405 +- 8.350680151409044
MeanSlowdown: 	 4.015625
MeanLen: 	 41.1 +- 11.28583182578936
MeanEntropy 	 2.733237
Elapsed time	 1.48337316513 seconds
-----------------
Writing to CSV: Heuristic=FCFS, Metric=MeanSlowdown, Value=1.1875, Epoch=26
-----------------
Epoch: 	 27
NumTrajs: 	 50
NumTimesteps: 	 2051
MaxRew: 	 -3.97501909751474
MeanRew: 	 -13.460206068871408 +- 9.465786279463398
MeanSlowdown: 	 3.921875
MeanLen: 	 41.02 +- 10.969940747333142
MeanEntropy 	 2.7267013
Elapsed time	 1.57498192787 seconds
-----------------
Writing to CSV: Heuristic=FCFS, Metric=MeanSlowdown, Value=1.1875, Epoch=27
-----------------
Epoch: 	 28
NumTrajs: 	 50
NumTimesteps: 	 2021
MaxRew: 	 -5.9092301431146
MeanRew: 	 -14.315898040789738 +- 7.121613455700515
MeanSlowdown: 	 4.046875
MeanLen: 	 40.42 +- 10.353917133143378
MeanEntropy 	 2.7254164
Elapsed time	 1.62966704369 seconds
-----------------
Writing to CSV: Heuristic=FCFS, Metric=MeanSlowdown, Value=1.1875, Epoch=28
-----------------
Epoch: 	 29
NumTrajs: 	 50
NumTimesteps: 	 2018
MaxRew: 	 -4.945474864925147
MeanRew: 	 -14.04590939175626 +- 8.528135279772275
MeanSlowdown: 	 3.95
MeanLen: 	 40.36 +- 10.407228257321927
MeanEntropy 	 2.7272096
Elapsed time	 1.56729197502 seconds
-----------------
Writing to CSV: Heuristic=FCFS, Metric=MeanSlowdown, Value=1.1875, Epoch=29
-----------------
Epoch: 	 30
NumTrajs: 	 50
NumTimesteps: 	 2033
MaxRew: 	 -4.086083661714527
MeanRew: 	 -14.439708255781316 +- 8.437306247999059
MeanSlowdown: 	 3.875
MeanLen: 	 40.66 +- 9.488118886270344
MeanEntropy 	 2.719068
Elapsed time	 1.56732416153 seconds
-----------------
Writing to CSV: Heuristic=FCFS, Metric=MeanSlowdown, Value=1.1875, Epoch=30
initialize the environment...
None
-----------------
Epoch: 	 31
NumTrajs: 	 50
NumTimesteps: 	 2093
MaxRew: 	 -4.515291099553531
MeanRew: 	 -15.475263959745739 +- 8.325599299288399
MeanSlowdown: 	 4.275
MeanLen: 	 41.86 +- 10.673349989576842
MeanEntropy 	 2.722875
Elapsed time	 10.4062328339 seconds
-----------------
Writing to CSV: Heuristic=FCFS, Metric=MeanSlowdown, Value=1.1875, Epoch=31
-----------------
Epoch: 	 32
NumTrajs: 	 50
NumTimesteps: 	 2087
MaxRew: 	 -1.010821677587111
MeanRew: 	 -15.567147819387266 +- 8.374500805528534
MeanSlowdown: 	 4.315625
MeanLen: 	 41.74 +- 10.849534552228496
MeanEntropy 	 2.7157886
Elapsed time	 1.59904098511 seconds
-----------------
Writing to CSV: Heuristic=FCFS, Metric=MeanSlowdown, Value=1.1875, Epoch=32
-----------------
Epoch: 	 33
NumTrajs: 	 50
NumTimesteps: 	 2134
MaxRew: 	 -1.352310339096329
MeanRew: 	 -13.036625293653987 +- 7.795030610937472
MeanSlowdown: 	 4.203125
MeanLen: 	 42.68 +- 10.87463102822344
MeanEntropy 	 2.7134295
Elapsed time	 1.64240694046 seconds
-----------------
Writing to CSV: Heuristic=FCFS, Metric=MeanSlowdown, Value=1.1875, Epoch=33
-----------------
Epoch: 	 34
NumTrajs: 	 50
NumTimesteps: 	 2086
MaxRew: 	 -2.7447780140262816
MeanRew: 	 -14.153291308458444 +- 7.402882266923323
MeanSlowdown: 	 4.409375
MeanLen: 	 41.72 +- 10.097603676120388
MeanEntropy 	 2.7172365
Elapsed time	 1.62053799629 seconds
-----------------
Writing to CSV: Heuristic=FCFS, Metric=MeanSlowdown, Value=1.1875, Epoch=34
-----------------
Epoch: 	 35
NumTrajs: 	 50
NumTimesteps: 	 2055
MaxRew: 	 -5.782997017094273
MeanRew: 	 -14.609230930204852 +- 7.644292532156477
MeanSlowdown: 	 4.125
MeanLen: 	 41.1 +- 8.793747778962052
MeanEntropy 	 2.7173722
Elapsed time	 1.63805890083 seconds
-----------------
Writing to CSV: Heuristic=FCFS, Metric=MeanSlowdown, Value=1.1875, Epoch=35
-----------------
Epoch: 	 36
NumTrajs: 	 50
NumTimesteps: 	 2053
MaxRew: 	 -5.859277415986476
MeanRew: 	 -15.026331440082465 +- 6.770644767919872
MeanSlowdown: 	 4.475
MeanLen: 	 41.06 +- 8.922802250414383
MeanEntropy 	 2.7076905
Elapsed time	 1.57544112206 seconds
-----------------
Writing to CSV: Heuristic=FCFS, Metric=MeanSlowdown, Value=1.1875, Epoch=36
-----------------
Epoch: 	 37
NumTrajs: 	 50
NumTimesteps: 	 2010
MaxRew: 	 -6.294089214280983
MeanRew: 	 -14.249576005846125 +- 6.359446133752294
MeanSlowdown: 	 4.5
MeanLen: 	 40.2 +- 8.243785538209979
MeanEntropy 	 2.7129989
Elapsed time	 1.59800696373 seconds
-----------------
Writing to CSV: Heuristic=FCFS, Metric=MeanSlowdown, Value=1.1875, Epoch=37
-----------------
Epoch: 	 38
NumTrajs: 	 50
NumTimesteps: 	 2138
MaxRew: 	 -0.6066494893714175
MeanRew: 	 -13.700485000250886 +- 8.7888625687573
MeanSlowdown: 	 4.38125
MeanLen: 	 42.76 +- 15.370829515676766
MeanEntropy 	 2.7154577
Elapsed time	 1.64670300484 seconds
-----------------
Writing to CSV: Heuristic=FCFS, Metric=MeanSlowdown, Value=1.1875, Epoch=38
-----------------
Epoch: 	 39
NumTrajs: 	 50
NumTimesteps: 	 2028
MaxRew: 	 -4.3104163769719985
MeanRew: 	 -13.415283176810625 +- 7.407607838493031
MeanSlowdown: 	 4.30625
MeanLen: 	 40.56 +- 8.535010251897768
MeanEntropy 	 2.7078223
Elapsed time	 1.57185506821 seconds
-----------------
Writing to CSV: Heuristic=FCFS, Metric=MeanSlowdown, Value=1.1875, Epoch=39
-----------------
Epoch: 	 40
NumTrajs: 	 50
NumTimesteps: 	 2045
MaxRew: 	 -3.4776660850102656
MeanRew: 	 -12.379885776018453 +- 7.573671381832084
MeanSlowdown: 	 4.23125
MeanLen: 	 40.9 +- 9.438749917229506
MeanEntropy 	 2.708025
Elapsed time	 1.55926799774 seconds
-----------------
Writing to CSV: Heuristic=FCFS, Metric=MeanSlowdown, Value=1.1875, Epoch=40
initialize the environment...
None
-----------------
Epoch: 	 41
NumTrajs: 	 50
NumTimesteps: 	 1956
MaxRew: 	 -2.5386332402785987
MeanRew: 	 -14.80633532302748 +- 8.45657185908837
MeanSlowdown: 	 4.1875
MeanLen: 	 39.12 +- 7.336593214837524
MeanEntropy 	 2.7156405
Elapsed time	 9.84718990326 seconds
-----------------
Writing to CSV: Heuristic=FCFS, Metric=MeanSlowdown, Value=1.1875, Epoch=41
-----------------
Epoch: 	 42
NumTrajs: 	 50
NumTimesteps: 	 2026
MaxRew: 	 -1.6514875022983522
MeanRew: 	 -12.292170832995991 +- 8.104542800754524
MeanSlowdown: 	 3.853125
MeanLen: 	 40.52 +- 9.383474836114818
MeanEntropy 	 2.6942573
Elapsed time	 1.60151386261 seconds
-----------------
Writing to CSV: Heuristic=FCFS, Metric=MeanSlowdown, Value=1.1875, Epoch=42
-----------------
Epoch: 	 43
NumTrajs: 	 50
NumTimesteps: 	 1974
MaxRew: 	 -4.418718104901004
MeanRew: 	 -14.723443184154364 +- 8.185808706741286
MeanSlowdown: 	 4.21875
MeanLen: 	 39.48 +- 8.050440981710256
MeanEntropy 	 2.7183053
Elapsed time	 1.61463594437 seconds
-----------------
Writing to CSV: Heuristic=FCFS, Metric=MeanSlowdown, Value=1.1875, Epoch=43
-----------------
Epoch: 	 44
NumTrajs: 	 50
NumTimesteps: 	 1981
MaxRew: 	 -3.036751768986838
MeanRew: 	 -13.09230347320536 +- 7.161728357229939
MeanSlowdown: 	 4.028125
MeanLen: 	 39.62 +- 8.05950370680478
MeanEntropy 	 2.7076995
Elapsed time	 1.55214095116 seconds
-----------------
Writing to CSV: Heuristic=FCFS, Metric=MeanSlowdown, Value=1.1875, Epoch=44
-----------------
Epoch: 	 45
NumTrajs: 	 50
NumTimesteps: 	 1959
MaxRew: 	 -2.6641528006353576
MeanRew: 	 -13.342439880378663 +- 8.141765404668417
MeanSlowdown: 	 3.771875
MeanLen: 	 39.18 +- 7.240690574800169
MeanEntropy 	 2.7034352
Elapsed time	 1.57216000557 seconds
-----------------
Writing to CSV: Heuristic=FCFS, Metric=MeanSlowdown, Value=1.1875, Epoch=45
-----------------
Epoch: 	 46
NumTrajs: 	 50
NumTimesteps: 	 1998
MaxRew: 	 -4.776513130871299
MeanRew: 	 -14.957769455693754 +- 7.362918267877243
MeanSlowdown: 	 4.14375
MeanLen: 	 39.96 +- 8.009893881943755
MeanEntropy 	 2.6948316
Elapsed time	 1.57946491241 seconds
-----------------
Writing to CSV: Heuristic=FCFS, Metric=MeanSlowdown, Value=1.1875, Epoch=46
-----------------
Epoch: 	 47
NumTrajs: 	 50
NumTimesteps: 	 1981
MaxRew: 	 -6.375262763721122
MeanRew: 	 -15.103397811208172 +- 7.397836509202079
MeanSlowdown: 	 4.365625
MeanLen: 	 39.62 +- 7.641701381237034
MeanEntropy 	 2.6867323
Elapsed time	 1.58135294914 seconds
-----------------
Writing to CSV: Heuristic=FCFS, Metric=MeanSlowdown, Value=1.1875, Epoch=47
-----------------
Epoch: 	 48
NumTrajs: 	 50
NumTimesteps: 	 2038
MaxRew: 	 -5.8984960052796795
MeanRew: 	 -15.436850064747764 +- 7.621787772812134
MeanSlowdown: 	 4.4625
MeanLen: 	 40.76 +- 7.9738572849029605
MeanEntropy 	 2.6904
Elapsed time	 1.62116599083 seconds
-----------------
Writing to CSV: Heuristic=FCFS, Metric=MeanSlowdown, Value=1.1875, Epoch=48
-----------------
Epoch: 	 49
NumTrajs: 	 50
NumTimesteps: 	 2069
MaxRew: 	 -4.926547231170735
MeanRew: 	 -15.326907886562065 +- 8.274375302827115
MeanSlowdown: 	 4.61875
MeanLen: 	 41.38 +- 10.328388063972035
MeanEntropy 	 2.6844056
Elapsed time	 1.61291408539 seconds
-----------------
Writing to CSV: Heuristic=FCFS, Metric=MeanSlowdown, Value=1.1875, Epoch=49
srun: Job step aborted: Waiting up to 32 seconds for job step to finish.
slurmstepd: error: *** JOB 6706416 ON gcn29 CANCELLED AT 2024-06-20T16:13:39 ***
slurmstepd: error: *** STEP 6706416.0 ON gcn29 CANCELLED AT 2024-06-20T16:13:39 ***
slurmstepd: error: container_p_join: setns failed for /slurm/6706416/.ns: Invalid argument
slurmstepd: error: container_g_join(6706416): Invalid argument

JOB STATISTICS
==============
Job ID: 6706416
Cluster: snellius
User/Group: terhard/terhard
State: CANCELLED (exit code 0)
Nodes: 1
Cores per node: 18
CPU Utilized: 00:23:03
CPU Efficiency: 54.88% of 00:42:00 core-walltime
Job Wall-clock time: 00:02:20
Memory Utilized: 1.23 GB
Memory Efficiency: 1.02% of 120.00 GB
