============================================================================================== 
Warning! Mixing Conda and module environments may lead to corruption of the
user environment. 
We do not recommend users mixing those two environments unless absolutely
necessary. Note that 
SURF does not provide any support for Conda environment.
For more information, please refer to our software policy page:
https://servicedesk.surf.nl/wiki/display/WIKI/Software+policy+Snellius#SoftwarepolicySnellius-UseofAnacondaandMinicondaenvironmentsonSnellius 

Remember that many packages have already been installed on the system and can
be loaded using 
the 'module load <package__name>' command. If you are uncertain if a package is
already available 
on the system, please use 'module avail' or 'module spider' to search for it.
============================================================================================== 
ERROR (theano.sandbox.cuda): nvcc compiler not found on $PATH. Check your nvcc installation and try again.
/home/terhard/.conda/envs/py27/lib/python2.7/site-packages/theano/tensor/signal/downsample.py:6: UserWarning: downsample module has been moved to the theano.tensor.signal.pool module.
  "downsample module has been moved to the theano.tensor.signal.pool module.")

Experiment type: pg_re
CNN used: False

Preparing for workers...
-prepare for env- 0
initialize the environment...
-prepare for env- 1
initialize the environment...
-prepare for env- 2
initialize the environment...
-prepare for env- 3
initialize the environment...
-prepare for env- 4
initialize the environment...
-prepare for worker- 0
-prepare for worker- 1
-prepare for worker- 2
-prepare for worker- 3
-prepare for worker- 4
-prepare for worker- 5
-prepare for worker- 6
-prepare for worker- 7
-prepare for worker- 8
-prepare for worker- 9
-prepare for worker- 10
Preparing for reference data...
initialize the environment...
Start training...
/home/terhard/.conda/envs/py27/lib/python2.7/site-packages/theano/tensor/subtensor.py:2166: FutureWarning: Using a non-tuple sequence for multidimensional indexing is deprecated; use `arr[tuple(seq)]` instead of `arr[seq]`. In the future this will be interpreted as an array index, `arr[np.array(seq)]`, which will result either in an error or a different result.
  out[0] = inputs[0].__getitem__(inputs[1:])
-----------------
Epoch: 	 1
NumTrajs: 	 50
NumTimesteps: 	 1931
MaxRew: 	 -1.0705061848844357
MeanRew: 	 -17.23115068102936 +- 13.504876856620102
MeanSlowdown: 	 3.26875
MeanLen: 	 38.62 +- 7.2052480873319
MeanEntropy 	 2.7725823
Elapsed time	 1.70910000801 seconds
-----------------
Writing to CSV: Heuristic=Random, Metric=MeanSlowdown, Value=3.625, Epoch=1
-----------------
Epoch: 	 2
NumTrajs: 	 50
NumTimesteps: 	 1914
MaxRew: 	 -1.0658680144437849
MeanRew: 	 -17.945590998246825 +- 14.054803790462731
MeanSlowdown: 	 3.28125
MeanLen: 	 38.28 +- 6.829465572063453
MeanEntropy 	 2.7725253
Elapsed time	 1.50983500481 seconds
-----------------
Writing to CSV: Heuristic=Random, Metric=MeanSlowdown, Value=3.625, Epoch=2
-----------------
Epoch: 	 3
NumTrajs: 	 50
NumTimesteps: 	 1929
MaxRew: 	 -5.3482137703531825
MeanRew: 	 -19.158620047399328 +- 12.52188654750697
MeanSlowdown: 	 3.365625
MeanLen: 	 38.58 +- 6.797323002476785
MeanEntropy 	 2.7721815
Elapsed time	 1.60064387321 seconds
-----------------
Writing to CSV: Heuristic=Random, Metric=MeanSlowdown, Value=3.625, Epoch=3
-----------------
Epoch: 	 4
NumTrajs: 	 50
NumTimesteps: 	 1845
MaxRew: 	 -6.262389776418305
MeanRew: 	 -22.016739230628563 +- 12.99871150913083
MeanSlowdown: 	 3.375
MeanLen: 	 36.9 +- 5.200961449578338
MeanEntropy 	 2.7713938
Elapsed time	 1.55569314957 seconds
-----------------
Writing to CSV: Heuristic=Random, Metric=MeanSlowdown, Value=3.625, Epoch=4
-----------------
Epoch: 	 5
NumTrajs: 	 50
NumTimesteps: 	 1900
MaxRew: 	 -5.108866455078109
MeanRew: 	 -19.595793197684745 +- 11.910785014299885
MeanSlowdown: 	 3.2
MeanLen: 	 38.0 +- 6.434283176858165
MeanEntropy 	 2.7711651
Elapsed time	 1.59195399284 seconds
-----------------
Writing to CSV: Heuristic=Random, Metric=MeanSlowdown, Value=3.625, Epoch=5
-----------------
Epoch: 	 6
NumTrajs: 	 50
NumTimesteps: 	 1883
MaxRew: 	 -3.498416655533429
MeanRew: 	 -19.05886061078059 +- 12.645625400176405
MeanSlowdown: 	 3.621875
MeanLen: 	 37.66 +- 6.921300455839207
MeanEntropy 	 2.7699335
Elapsed time	 1.63311195374 seconds
-----------------
Writing to CSV: Heuristic=Random, Metric=MeanSlowdown, Value=3.625, Epoch=6
-----------------
Epoch: 	 7
NumTrajs: 	 50
NumTimesteps: 	 1878
MaxRew: 	 -0.998792201008525
MeanRew: 	 -17.43153346499787 +- 13.069642215512472
MeanSlowdown: 	 3.2875
MeanLen: 	 37.56 +- 6.630716401717088
MeanEntropy 	 2.7692776
Elapsed time	 1.61504888535 seconds
-----------------
Writing to CSV: Heuristic=Random, Metric=MeanSlowdown, Value=3.625, Epoch=7
-----------------
Epoch: 	 8
NumTrajs: 	 50
NumTimesteps: 	 1836
MaxRew: 	 -2.5605506298048675
MeanRew: 	 -17.714473497572794 +- 12.884013619421113
MeanSlowdown: 	 3.796875
MeanLen: 	 36.72 +- 6.8470139477001215
MeanEntropy 	 2.7667723
Elapsed time	 1.62560987473 seconds
-----------------
Writing to CSV: Heuristic=Random, Metric=MeanSlowdown, Value=3.625, Epoch=8
-----------------
Epoch: 	 9
NumTrajs: 	 50
NumTimesteps: 	 1915
MaxRew: 	 -3.7092056224647068
MeanRew: 	 -18.779597722084404 +- 11.343833522622724
MeanSlowdown: 	 4.275
MeanLen: 	 38.3 +- 7.715568676384133
MeanEntropy 	 2.763989
Elapsed time	 1.64776015282 seconds
-----------------
Writing to CSV: Heuristic=Random, Metric=MeanSlowdown, Value=3.625, Epoch=9
-----------------
Epoch: 	 10
NumTrajs: 	 50
NumTimesteps: 	 1960
MaxRew: 	 -3.583919145751422
MeanRew: 	 -15.27792506178235 +- 8.605104954483494
MeanSlowdown: 	 3.93125
MeanLen: 	 39.2 +- 7.914543574963751
MeanEntropy 	 2.7617817
Elapsed time	 1.67512893677 seconds
-----------------
Writing to CSV: Heuristic=Random, Metric=MeanSlowdown, Value=3.625, Epoch=10
initialize the environment...
None
-----------------
Epoch: 	 11
NumTrajs: 	 50
NumTimesteps: 	 1917
MaxRew: 	 -8.847895031555025
MeanRew: 	 -19.759918633195845 +- 8.489777920836461
MeanSlowdown: 	 3.559375
MeanLen: 	 38.34 +- 9.390654929236833
MeanEntropy 	 2.7608855
Elapsed time	 10.4468331337 seconds
-----------------
Writing to CSV: Heuristic=Random, Metric=MeanSlowdown, Value=3.625, Epoch=11
-----------------
Epoch: 	 12
NumTrajs: 	 50
NumTimesteps: 	 1937
MaxRew: 	 -4.661983720321998
MeanRew: 	 -15.6658017622217 +- 10.59398757668304
MeanSlowdown: 	 3.571875
MeanLen: 	 38.74 +- 8.223892022637457
MeanEntropy 	 2.7565756
Elapsed time	 1.58319282532 seconds
-----------------
Writing to CSV: Heuristic=Random, Metric=MeanSlowdown, Value=3.625, Epoch=12
-----------------
Epoch: 	 13
NumTrajs: 	 50
NumTimesteps: 	 1923
MaxRew: 	 -7.689129872174017
MeanRew: 	 -19.642454919125 +- 11.047725258288127
MeanSlowdown: 	 3.840625
MeanLen: 	 38.46 +- 8.198072944296117
MeanEntropy 	 2.7534401
Elapsed time	 1.67863607407 seconds
-----------------
Writing to CSV: Heuristic=Random, Metric=MeanSlowdown, Value=3.625, Epoch=13
-----------------
Epoch: 	 14
NumTrajs: 	 50
NumTimesteps: 	 1909
MaxRew: 	 -2.9913156766012197
MeanRew: 	 -14.882162997275014 +- 10.5955243423809
MeanSlowdown: 	 3.58125
MeanLen: 	 38.18 +- 7.243452215622051
MeanEntropy 	 2.750633
Elapsed time	 1.65800786018 seconds
-----------------
Writing to CSV: Heuristic=Random, Metric=MeanSlowdown, Value=3.625, Epoch=14
-----------------
Epoch: 	 15
NumTrajs: 	 50
NumTimesteps: 	 1928
MaxRew: 	 -0.6094480594432131
MeanRew: 	 -12.792161577675778 +- 11.281775747864119
MeanSlowdown: 	 3.571875
MeanLen: 	 38.56 +- 8.175964774875196
MeanEntropy 	 2.7465048
Elapsed time	 1.64162993431 seconds
-----------------
Writing to CSV: Heuristic=Random, Metric=MeanSlowdown, Value=3.625, Epoch=15
-----------------
Epoch: 	 16
NumTrajs: 	 50
NumTimesteps: 	 1929
MaxRew: 	 -1.6254960494581165
MeanRew: 	 -13.398119031301567 +- 9.640303692488041
MeanSlowdown: 	 3.60625
MeanLen: 	 38.58 +- 7.970169383394558
MeanEntropy 	 2.7443206
Elapsed time	 1.59718084335 seconds
-----------------
Writing to CSV: Heuristic=Random, Metric=MeanSlowdown, Value=3.625, Epoch=16
-----------------
Epoch: 	 17
NumTrajs: 	 50
NumTimesteps: 	 1930
MaxRew: 	 -4.189397378848449
MeanRew: 	 -15.790492813678718 +- 9.351832072411792
MeanSlowdown: 	 3.790625
MeanLen: 	 38.6 +- 7.670723564306042
MeanEntropy 	 2.743026
Elapsed time	 1.64567494392 seconds
-----------------
Writing to CSV: Heuristic=Random, Metric=MeanSlowdown, Value=3.625, Epoch=17
-----------------
Epoch: 	 18
NumTrajs: 	 50
NumTimesteps: 	 1872
MaxRew: 	 -7.653541993359826
MeanRew: 	 -17.79742318560086 +- 9.426241713643167
MeanSlowdown: 	 4.03125
MeanLen: 	 37.44 +- 7.6266899766543546
MeanEntropy 	 2.7384212
Elapsed time	 1.65822601318 seconds
-----------------
Writing to CSV: Heuristic=Random, Metric=MeanSlowdown, Value=3.625, Epoch=18
-----------------
Epoch: 	 19
NumTrajs: 	 50
NumTimesteps: 	 1899
MaxRew: 	 -7.8380583799706285
MeanRew: 	 -17.79320368401185 +- 7.285630493177532
MeanSlowdown: 	 3.928125
MeanLen: 	 37.98 +- 8.707445090266146
MeanEntropy 	 2.728381
Elapsed time	 1.64364004135 seconds
-----------------
Writing to CSV: Heuristic=Random, Metric=MeanSlowdown, Value=3.625, Epoch=19
-----------------
Epoch: 	 20
NumTrajs: 	 50
NumTimesteps: 	 1964
MaxRew: 	 -5.349925384276462
MeanRew: 	 -16.851855980010875 +- 9.393083150015432
MeanSlowdown: 	 3.621875
MeanLen: 	 39.28 +- 10.203999215993697
MeanEntropy 	 2.7193854
Elapsed time	 1.69002389908 seconds
-----------------
Writing to CSV: Heuristic=Random, Metric=MeanSlowdown, Value=3.625, Epoch=20
initialize the environment...
None
-----------------
Epoch: 	 21
NumTrajs: 	 50
NumTimesteps: 	 1876
MaxRew: 	 -5.439852678805106
MeanRew: 	 -15.926101708495706 +- 7.572823753110147
MeanSlowdown: 	 3.659375
MeanLen: 	 37.52 +- 7.068917880411401
MeanEntropy 	 2.7128928
Elapsed time	 10.2322778702 seconds
-----------------
Writing to CSV: Heuristic=Random, Metric=MeanSlowdown, Value=3.625, Epoch=21
-----------------
Epoch: 	 22
NumTrajs: 	 50
NumTimesteps: 	 1984
MaxRew: 	 -3.801685351093847
MeanRew: 	 -15.280024111796415 +- 8.38463220055518
MeanSlowdown: 	 3.8625
MeanLen: 	 39.68 +- 9.86192678942609
MeanEntropy 	 2.7125077
Elapsed time	 1.69631505013 seconds
-----------------
Writing to CSV: Heuristic=Random, Metric=MeanSlowdown, Value=3.625, Epoch=22
-----------------
Epoch: 	 23
NumTrajs: 	 50
NumTimesteps: 	 1945
MaxRew: 	 0.6641735103667645
MeanRew: 	 -13.745382053841809 +- 9.03211461344577
MeanSlowdown: 	 4.04375
MeanLen: 	 38.9 +- 7.831347265956222
MeanEntropy 	 2.7180066
Elapsed time	 1.71042609215 seconds
-----------------
Writing to CSV: Heuristic=Random, Metric=MeanSlowdown, Value=3.625, Epoch=23
-----------------
Epoch: 	 24
NumTrajs: 	 50
NumTimesteps: 	 1952
MaxRew: 	 -4.363666366160058
MeanRew: 	 -13.828742296164114 +- 8.675773521127915
MeanSlowdown: 	 3.83125
MeanLen: 	 39.04 +- 8.378448543734097
MeanEntropy 	 2.7136936
Elapsed time	 1.70734190941 seconds
-----------------
Writing to CSV: Heuristic=Random, Metric=MeanSlowdown, Value=3.625, Epoch=24
-----------------
Epoch: 	 25
NumTrajs: 	 50
NumTimesteps: 	 1900
MaxRew: 	 -1.982588934145514
MeanRew: 	 -14.811381121053081 +- 10.40701410141753
MeanSlowdown: 	 3.621875
MeanLen: 	 38.0 +- 8.79772697916911
MeanEntropy 	 2.7128978
Elapsed time	 1.68741583824 seconds
-----------------
Writing to CSV: Heuristic=Random, Metric=MeanSlowdown, Value=3.625, Epoch=25
-----------------
Epoch: 	 26
NumTrajs: 	 50
NumTimesteps: 	 1969
MaxRew: 	 -3.101607266157241
MeanRew: 	 -13.5464207728381 +- 9.088716642839493
MeanSlowdown: 	 3.38125
MeanLen: 	 39.38 +- 9.35497728484682
MeanEntropy 	 2.711557
Elapsed time	 1.71259093285 seconds
-----------------
Writing to CSV: Heuristic=Random, Metric=MeanSlowdown, Value=3.625, Epoch=26
-----------------
Epoch: 	 27
NumTrajs: 	 50
NumTimesteps: 	 1953
MaxRew: 	 -3.6357697995464653
MeanRew: 	 -13.113564074527702 +- 7.398226400249729
MeanSlowdown: 	 3.525
MeanLen: 	 39.06 +- 8.50978260591891
MeanEntropy 	 2.701073
Elapsed time	 1.75445795059 seconds
-----------------
Writing to CSV: Heuristic=Random, Metric=MeanSlowdown, Value=3.625, Epoch=27
-----------------
Epoch: 	 28
NumTrajs: 	 50
NumTimesteps: 	 1946
MaxRew: 	 -0.9540011065980695
MeanRew: 	 -12.927920926657423 +- 8.661423047019984
MeanSlowdown: 	 3.603125
MeanLen: 	 38.92 +- 8.569340698093407
MeanEntropy 	 2.6951418
Elapsed time	 1.71960783005 seconds
-----------------
Writing to CSV: Heuristic=Random, Metric=MeanSlowdown, Value=3.625, Epoch=28
-----------------
Epoch: 	 29
NumTrajs: 	 50
NumTimesteps: 	 1925
MaxRew: 	 -2.0953871857159556
MeanRew: 	 -12.493564273698729 +- 7.490366650234978
MeanSlowdown: 	 3.371875
MeanLen: 	 38.5 +- 7.846655338422862
MeanEntropy 	 2.703957
Elapsed time	 1.7233941555 seconds
-----------------
Writing to CSV: Heuristic=Random, Metric=MeanSlowdown, Value=3.625, Epoch=29
-----------------
Epoch: 	 30
NumTrajs: 	 50
NumTimesteps: 	 1930
MaxRew: 	 -1.7108007445748992
MeanRew: 	 -12.740054847686373 +- 8.45807226661456
MeanSlowdown: 	 3.628125
MeanLen: 	 38.6 +- 7.712327793863536
MeanEntropy 	 2.6888814
Elapsed time	 1.6710960865 seconds
-----------------
Writing to CSV: Heuristic=Random, Metric=MeanSlowdown, Value=3.625, Epoch=30
initialize the environment...
None
-----------------
Epoch: 	 31
NumTrajs: 	 50
NumTimesteps: 	 1885
MaxRew: 	 -1.6986607888548952
MeanRew: 	 -12.962489405506211 +- 7.93017331076283
MeanSlowdown: 	 3.809375
MeanLen: 	 37.7 +- 7.397972695272672
MeanEntropy 	 2.6947157
Elapsed time	 11.2667908669 seconds
-----------------
Writing to CSV: Heuristic=Random, Metric=MeanSlowdown, Value=3.625, Epoch=31
-----------------
Epoch: 	 32
NumTrajs: 	 50
NumTimesteps: 	 1945
MaxRew: 	 -0.1148480092432708
MeanRew: 	 -13.953472139843994 +- 8.628294964635309
MeanSlowdown: 	 3.646875
MeanLen: 	 38.9 +- 7.968061244744546
MeanEntropy 	 2.6781664
Elapsed time	 1.70365715027 seconds
-----------------
Writing to CSV: Heuristic=Random, Metric=MeanSlowdown, Value=3.625, Epoch=32
-----------------
Epoch: 	 33
NumTrajs: 	 50
NumTimesteps: 	 2014
MaxRew: 	 -1.411493387291992
MeanRew: 	 -12.57797066428177 +- 8.982065269102936
MeanSlowdown: 	 3.628125
MeanLen: 	 40.28 +- 10.453784003890648
MeanEntropy 	 2.6759179
Elapsed time	 1.7334458828 seconds
-----------------
Writing to CSV: Heuristic=Random, Metric=MeanSlowdown, Value=3.625, Epoch=33
-----------------
Epoch: 	 34
NumTrajs: 	 50
NumTimesteps: 	 1943
MaxRew: 	 -3.4761678337932933
MeanRew: 	 -12.573517665451819 +- 6.914986671811401
MeanSlowdown: 	 3.5125
MeanLen: 	 38.86 +- 8.861173737152432
MeanEntropy 	 2.6786778
Elapsed time	 1.69492292404 seconds
-----------------
Writing to CSV: Heuristic=Random, Metric=MeanSlowdown, Value=3.625, Epoch=34
-----------------
Epoch: 	 35
NumTrajs: 	 50
NumTimesteps: 	 2017
MaxRew: 	 -2.1333862159960097
MeanRew: 	 -12.354083015088882 +- 8.05446009355844
MeanSlowdown: 	 3.95
MeanLen: 	 40.34 +- 9.630389400226763
MeanEntropy 	 2.6742377
Elapsed time	 1.75177001953 seconds
-----------------
Writing to CSV: Heuristic=Random, Metric=MeanSlowdown, Value=3.625, Epoch=35
-----------------
Epoch: 	 36
NumTrajs: 	 50
NumTimesteps: 	 1952
MaxRew: 	 -4.16519366503525
MeanRew: 	 -15.109514036654689 +- 8.48391556607559
MeanSlowdown: 	 3.903125
MeanLen: 	 39.04 +- 8.447390129501537
MeanEntropy 	 2.677614
Elapsed time	 1.74492502213 seconds
-----------------
Writing to CSV: Heuristic=Random, Metric=MeanSlowdown, Value=3.625, Epoch=36
-----------------
Epoch: 	 37
NumTrajs: 	 50
NumTimesteps: 	 1953
MaxRew: 	 -1.6716771814161782
MeanRew: 	 -14.620211636227852 +- 7.85655539763686
MeanSlowdown: 	 3.559375
MeanLen: 	 39.06 +- 7.744443169137469
MeanEntropy 	 2.6751122
Elapsed time	 1.72286295891 seconds
-----------------
Writing to CSV: Heuristic=Random, Metric=MeanSlowdown, Value=3.625, Epoch=37
-----------------
Epoch: 	 38
NumTrajs: 	 50
NumTimesteps: 	 1983
MaxRew: 	 -1.6213523361730775
MeanRew: 	 -14.770232956515772 +- 9.182127618824032
MeanSlowdown: 	 4.021875
MeanLen: 	 39.66 +- 8.001524854676138
MeanEntropy 	 2.680717
Elapsed time	 1.81431794167 seconds
-----------------
Writing to CSV: Heuristic=Random, Metric=MeanSlowdown, Value=3.625, Epoch=38
-----------------
Epoch: 	 39
NumTrajs: 	 50
NumTimesteps: 	 1993
MaxRew: 	 -2.6047515763405693
MeanRew: 	 -13.602786888062978 +- 7.557286752876382
MeanSlowdown: 	 4.23125
MeanLen: 	 39.86 +- 7.937279130785309
MeanEntropy 	 2.667173
Elapsed time	 1.77143406868 seconds
-----------------
Writing to CSV: Heuristic=Random, Metric=MeanSlowdown, Value=3.625, Epoch=39
-----------------
Epoch: 	 40
NumTrajs: 	 50
NumTimesteps: 	 1988
MaxRew: 	 -1.958912857451471
MeanRew: 	 -13.249461284478622 +- 7.911793408920799
MeanSlowdown: 	 4.05
MeanLen: 	 39.76 +- 8.680000000000001
MeanEntropy 	 2.6669478
Elapsed time	 1.79753899574 seconds
-----------------
Writing to CSV: Heuristic=Random, Metric=MeanSlowdown, Value=3.625, Epoch=40
initialize the environment...
None
-----------------
Epoch: 	 41
NumTrajs: 	 50
NumTimesteps: 	 2032
MaxRew: 	 0.06687199914130097
MeanRew: 	 -13.256992788338607 +- 10.535114091747124
MeanSlowdown: 	 4.1375
MeanLen: 	 40.64 +- 10.678501767570205
MeanEntropy 	 2.659283
Elapsed time	 10.7352440357 seconds
-----------------
Writing to CSV: Heuristic=Random, Metric=MeanSlowdown, Value=3.625, Epoch=41
-----------------
Epoch: 	 42
NumTrajs: 	 50
NumTimesteps: 	 1954
MaxRew: 	 -2.3340839228278716
MeanRew: 	 -14.356933107486853 +- 6.866864634372264
MeanSlowdown: 	 3.775
MeanLen: 	 39.08 +- 8.342277866386375
MeanEntropy 	 2.6375644
Elapsed time	 1.638641119 seconds
-----------------
Writing to CSV: Heuristic=Random, Metric=MeanSlowdown, Value=3.625, Epoch=42
-----------------
Epoch: 	 43
NumTrajs: 	 50
NumTimesteps: 	 1999
MaxRew: 	 -3.9020609106479407
MeanRew: 	 -14.416149439101524 +- 8.936496546433714
MeanSlowdown: 	 3.990625
MeanLen: 	 39.98 +- 8.898291970934647
MeanEntropy 	 2.6610594
Elapsed time	 1.77582097054 seconds
-----------------
Writing to CSV: Heuristic=Random, Metric=MeanSlowdown, Value=3.625, Epoch=43
-----------------
Epoch: 	 44
NumTrajs: 	 50
NumTimesteps: 	 1955
MaxRew: 	 -1.9106660336759709
MeanRew: 	 -12.15409943917828 +- 7.545610650101751
MeanSlowdown: 	 3.7375
MeanLen: 	 39.1 +- 7.798076685952761
MeanEntropy 	 2.6221316
Elapsed time	 1.69604587555 seconds
-----------------
Writing to CSV: Heuristic=Random, Metric=MeanSlowdown, Value=3.625, Epoch=44
-----------------
Epoch: 	 45
NumTrajs: 	 50
NumTimesteps: 	 1946
MaxRew: 	 -3.270429780971623
MeanRew: 	 -12.868967009753296 +- 8.565338497854324
MeanSlowdown: 	 3.609375
MeanLen: 	 38.92 +- 7.623227662873515
MeanEntropy 	 2.6269767
Elapsed time	 1.66754603386 seconds
-----------------
Writing to CSV: Heuristic=Random, Metric=MeanSlowdown, Value=3.625, Epoch=45
-----------------
Epoch: 	 46
NumTrajs: 	 50
NumTimesteps: 	 1930
MaxRew: 	 -2.151786553311412
MeanRew: 	 -13.182503200097754 +- 8.089338578571537
MeanSlowdown: 	 3.49375
MeanLen: 	 38.6 +- 7.5657121277510955
MeanEntropy 	 2.6322339
Elapsed time	 1.67090010643 seconds
-----------------
Writing to CSV: Heuristic=Random, Metric=MeanSlowdown, Value=3.625, Epoch=46
-----------------
Epoch: 	 47
NumTrajs: 	 50
NumTimesteps: 	 1952
MaxRew: 	 -1.990975780743732
MeanRew: 	 -12.430190001622204 +- 7.646753409458583
MeanSlowdown: 	 3.83125
MeanLen: 	 39.04 +- 8.141154709253472
MeanEntropy 	 2.6343086
Elapsed time	 1.68258500099 seconds
-----------------
Writing to CSV: Heuristic=Random, Metric=MeanSlowdown, Value=3.625, Epoch=47
-----------------
Epoch: 	 48
NumTrajs: 	 50
NumTimesteps: 	 1961
MaxRew: 	 -2.718265090517266
MeanRew: 	 -12.567528252109637 +- 8.771377571586987
MeanSlowdown: 	 4.009375
MeanLen: 	 39.22 +- 8.761940424358066
MeanEntropy 	 2.6449842
Elapsed time	 1.68116807938 seconds
-----------------
Writing to CSV: Heuristic=Random, Metric=MeanSlowdown, Value=3.625, Epoch=48
-----------------
Epoch: 	 49
NumTrajs: 	 50
NumTimesteps: 	 1996
MaxRew: 	 -3.533757047214087
MeanRew: 	 -12.592469715496758 +- 6.937441291086119
MeanSlowdown: 	 3.959375
MeanLen: 	 39.92 +- 8.089103782249305
MeanEntropy 	 2.623566
Elapsed time	 1.74235892296 seconds
-----------------
Writing to CSV: Heuristic=Random, Metric=MeanSlowdown, Value=3.625, Epoch=49
-----------------
Epoch: 	 50
NumTrajs: 	 50
NumTimesteps: 	 2115
MaxRew: 	 0.7905866722099584
MeanRew: 	 -10.69841562296967 +- 10.975636478364663
MeanSlowdown: 	 3.93125
MeanLen: 	 42.3 +- 12.012077255828817
MeanEntropy 	 2.6029353
Elapsed time	 1.8049120903 seconds
-----------------
Writing to CSV: Heuristic=Random, Metric=MeanSlowdown, Value=3.625, Epoch=50
initialize the environment...
None
-----------------
Epoch: 	 51
NumTrajs: 	 50
NumTimesteps: 	 1976
MaxRew: 	 -1.7701666602313408
MeanRew: 	 -12.639697879961057 +- 8.539230076517384
MeanSlowdown: 	 3.83125
MeanLen: 	 39.52 +- 8.773232015625712
MeanEntropy 	 2.628832
Elapsed time	 10.5627188683 seconds
-----------------
Writing to CSV: Heuristic=Random, Metric=MeanSlowdown, Value=3.625, Epoch=51
-----------------
Epoch: 	 52
NumTrajs: 	 50
NumTimesteps: 	 2018
MaxRew: 	 -2.7318361979418753
MeanRew: 	 -14.06433641129516 +- 7.481923122607551
MeanSlowdown: 	 4.20625
MeanLen: 	 40.36 +- 10.792145291831464
MeanEntropy 	 2.641923
Elapsed time	 1.68770694733 seconds
-----------------
Writing to CSV: Heuristic=Random, Metric=MeanSlowdown, Value=3.625, Epoch=52
-----------------
Epoch: 	 53
NumTrajs: 	 50
NumTimesteps: 	 1958
MaxRew: 	 -1.0724302562673877
MeanRew: 	 -13.422897247388667 +- 8.222532027521247
MeanSlowdown: 	 3.7125
MeanLen: 	 39.16 +- 10.530641006130633
MeanEntropy 	 2.6396587
Elapsed time	 1.70657801628 seconds
-----------------
Writing to CSV: Heuristic=Random, Metric=MeanSlowdown, Value=3.625, Epoch=53
-----------------
Epoch: 	 54
NumTrajs: 	 50
NumTimesteps: 	 1982
MaxRew: 	 0.08611629426947118
MeanRew: 	 -10.954721354062267 +- 8.548181746302442
MeanSlowdown: 	 3.871875
MeanLen: 	 39.64 +- 10.441762303366227
MeanEntropy 	 2.6333668
Elapsed time	 1.73395895958 seconds
-----------------
Writing to CSV: Heuristic=Random, Metric=MeanSlowdown, Value=3.625, Epoch=54
-----------------
Epoch: 	 55
NumTrajs: 	 50
NumTimesteps: 	 2085
MaxRew: 	 -1.3709250121554246
MeanRew: 	 -13.129988680421018 +- 8.602149973163723
MeanSlowdown: 	 4.30625
MeanLen: 	 41.7 +- 12.450301201175817
MeanEntropy 	 2.6275532
Elapsed time	 1.73763084412 seconds
-----------------
Writing to CSV: Heuristic=Random, Metric=MeanSlowdown, Value=3.625, Epoch=55
-----------------
Epoch: 	 56
NumTrajs: 	 50
NumTimesteps: 	 1992
MaxRew: 	 -2.8003612892938934
MeanRew: 	 -12.35254558890178 +- 8.768458276792137
MeanSlowdown: 	 3.828125
MeanLen: 	 39.84 +- 8.549526302667301
MeanEntropy 	 2.6255374
Elapsed time	 1.69319605827 seconds
-----------------
Writing to CSV: Heuristic=Random, Metric=MeanSlowdown, Value=3.625, Epoch=56
-----------------
Epoch: 	 57
NumTrajs: 	 50
NumTimesteps: 	 1987
MaxRew: 	 -3.0722699875694675
MeanRew: 	 -12.661697318837573 +- 7.101346785526232
MeanSlowdown: 	 4.0
MeanLen: 	 39.74 +- 9.39533927008493
MeanEntropy 	 2.622034
Elapsed time	 1.68575596809 seconds
-----------------
Writing to CSV: Heuristic=Random, Metric=MeanSlowdown, Value=3.625, Epoch=57
-----------------
Epoch: 	 58
NumTrajs: 	 50
NumTimesteps: 	 1897
MaxRew: 	 -1.4486773349427216
MeanRew: 	 -11.051436017040396 +- 8.807317412700206
MeanSlowdown: 	 3.19375
MeanLen: 	 37.94 +- 6.848094625514457
MeanEntropy 	 2.6332061
Elapsed time	 1.62955713272 seconds
-----------------
Writing to CSV: Heuristic=Random, Metric=MeanSlowdown, Value=3.625, Epoch=58
-----------------
Epoch: 	 59
NumTrajs: 	 50
NumTimesteps: 	 1925
MaxRew: 	 -1.6537517015577894
MeanRew: 	 -11.092171250143677 +- 8.519880438756243
MeanSlowdown: 	 3.43125
MeanLen: 	 38.5 +- 7.220110802473879
MeanEntropy 	 2.630364
Elapsed time	 1.61040496826 seconds
-----------------
Writing to CSV: Heuristic=Random, Metric=MeanSlowdown, Value=3.625, Epoch=59
-----------------
Epoch: 	 60
NumTrajs: 	 50
NumTimesteps: 	 1943
MaxRew: 	 -0.8119959422856979
MeanRew: 	 -11.68895797503173 +- 8.360831421919936
MeanSlowdown: 	 3.96875
MeanLen: 	 38.86 +- 7.353937720704466
MeanEntropy 	 2.6333678
Elapsed time	 1.6610929966 seconds
-----------------
Writing to CSV: Heuristic=Random, Metric=MeanSlowdown, Value=3.625, Epoch=60
initialize the environment...
srun: Job step aborted: Waiting up to 32 seconds for job step to finish.
slurmstepd: error: *** JOB 6706444 ON gcn66 CANCELLED AT 2024-06-20T16:22:03 ***
slurmstepd: error: *** STEP 6706444.0 ON gcn66 CANCELLED AT 2024-06-20T16:22:03 ***

JOB STATISTICS
==============
Job ID: 6706444
Cluster: snellius
User/Group: terhard/terhard
State: CANCELLED (exit code 0)
Nodes: 1
Cores per node: 18
CPU Utilized: 00:30:45
CPU Efficiency: 53.66% of 00:57:18 core-walltime
Job Wall-clock time: 00:03:11
Memory Utilized: 1.28 GB
Memory Efficiency: 1.07% of 120.00 GB
